{"/home/travis/build/npmtest/node-npmtest-flatiron/test.js":{"path":"/home/travis/build/npmtest/node-npmtest-flatiron/test.js","s":{"1":2,"2":2,"3":2,"4":2,"5":2,"6":2,"7":2,"8":1,"9":2,"10":2,"11":1,"12":1,"13":1,"14":1,"15":2,"16":2,"17":2,"18":2,"19":1,"20":1,"21":2,"22":2,"23":2,"24":1,"25":1,"26":1,"27":1,"28":1,"29":1,"30":1,"31":1,"32":1,"33":1,"34":1,"35":1,"36":1,"37":1,"38":1,"39":2,"40":2,"41":1,"42":2,"43":2,"44":1,"45":2,"46":2,"47":1,"48":2,"49":2,"50":1,"51":1,"52":1,"53":1,"54":1},"b":{"1":[2,1,1,1],"2":[1,1,1,1],"3":[1,1],"4":[1,1],"5":[1,1],"6":[1,1],"7":[1,1],"8":[1,1],"9":[1,1],"10":[1,1,1],"11":[1,1],"12":[1,1],"13":[1,1],"14":[1,1],"15":[1,1],"16":[1,1],"17":[1,1]},"f":{"1":2,"2":2,"3":2,"4":2,"5":2,"6":1,"7":1,"8":1,"9":2,"10":2,"11":2,"12":2,"13":1},"fnMap":{"1":{"name":"(anonymous_1)","line":12,"loc":{"start":{"line":12,"column":1},"end":{"line":12,"column":13}}},"2":{"name":"(anonymous_2)","line":19,"loc":{"start":{"line":19,"column":5},"end":{"line":19,"column":17}}},"3":{"name":"(anonymous_3)","line":23,"loc":{"start":{"line":23,"column":24},"end":{"line":23,"column":36}}},"4":{"name":"(anonymous_4)","line":61,"loc":{"start":{"line":61,"column":5},"end":{"line":61,"column":17}}},"5":{"name":"(anonymous_5)","line":82,"loc":{"start":{"line":82,"column":5},"end":{"line":82,"column":17}}},"6":{"name":"(anonymous_6)","line":91,"loc":{"start":{"line":91,"column":77},"end":{"line":94,"column":10}}},"7":{"name":"(anonymous_7)","line":112,"loc":{"start":{"line":112,"column":83},"end":{"line":115,"column":10}},"skip":true},"8":{"name":"(anonymous_8)","line":123,"loc":{"start":{"line":123,"column":77},"end":{"line":126,"column":10}},"skip":true},"9":{"name":"(anonymous_9)","line":139,"loc":{"start":{"line":139,"column":12},"end":{"line":139,"column":40}},"skip":true},"10":{"name":"(anonymous_10)","line":147,"loc":{"start":{"line":147,"column":77},"end":{"line":150,"column":10}},"skip":true},"11":{"name":"(anonymous_11)","line":158,"loc":{"start":{"line":158,"column":83},"end":{"line":161,"column":10}},"skip":true},"12":{"name":"(anonymous_12)","line":169,"loc":{"start":{"line":169,"column":79},"end":{"line":172,"column":10}},"skip":true},"13":{"name":"(anonymous_13)","line":180,"loc":{"start":{"line":180,"column":75},"end":{"line":183,"column":10}},"skip":true}},"statementMap":{"1":{"start":{"line":12,"column":0},"end":{"line":195,"column":5}},"2":{"start":{"line":14,"column":4},"end":{"line":14,"column":14}},"3":{"start":{"line":19,"column":4},"end":{"line":56,"column":9}},"4":{"start":{"line":21,"column":8},"end":{"line":21,"column":19}},"5":{"start":{"line":23,"column":8},"end":{"line":35,"column":13}},"6":{"start":{"line":24,"column":12},"end":{"line":34,"column":13}},"7":{"start":{"line":25,"column":16},"end":{"line":28,"column":30}},"8":{"start":{"line":30,"column":16},"end":{"line":33,"column":27}},"9":{"start":{"line":37,"column":8},"end":{"line":39,"column":21}},"10":{"start":{"line":40,"column":8},"end":{"line":53,"column":9}},"11":{"start":{"line":43,"column":12},"end":{"line":46,"column":14}},"12":{"start":{"line":47,"column":12},"end":{"line":47,"column":18}},"13":{"start":{"line":50,"column":12},"end":{"line":51,"column":33}},"14":{"start":{"line":52,"column":12},"end":{"line":52,"column":18}},"15":{"start":{"line":55,"column":8},"end":{"line":55,"column":35}},"16":{"start":{"line":61,"column":4},"end":{"line":63,"column":9}},"17":{"start":{"line":62,"column":8},"end":{"line":62,"column":15}},"18":{"start":{"line":64,"column":4},"end":{"line":77,"column":5}},"19":{"start":{"line":70,"column":8},"end":{"line":70,"column":14}},"20":{"start":{"line":76,"column":8},"end":{"line":76,"column":14}},"21":{"start":{"line":82,"column":4},"end":{"line":84,"column":9}},"22":{"start":{"line":83,"column":8},"end":{"line":83,"column":15}},"23":{"start":{"line":85,"column":4},"end":{"line":194,"column":5}},"24":{"start":{"line":91,"column":8},"end":{"line":99,"column":10}},"25":{"start":{"line":98,"column":12},"end":{"line":98,"column":35}},"26":{"start":{"line":102,"column":8},"end":{"line":104,"column":63}},"27":{"start":{"line":105,"column":8},"end":{"line":105,"column":14}},"28":{"start":{"line":112,"column":8},"end":{"line":121,"column":10},"skip":true},"29":{"start":{"line":119,"column":12},"end":{"line":119,"column":55},"skip":true},"30":{"start":{"line":120,"column":12},"end":{"line":120,"column":48},"skip":true},"31":{"start":{"line":123,"column":8},"end":{"line":136,"column":10},"skip":true},"32":{"start":{"line":130,"column":12},"end":{"line":130,"column":76},"skip":true},"33":{"start":{"line":131,"column":12},"end":{"line":131,"column":73},"skip":true},"34":{"start":{"line":132,"column":12},"end":{"line":132,"column":74},"skip":true},"35":{"start":{"line":133,"column":12},"end":{"line":133,"column":79},"skip":true},"36":{"start":{"line":134,"column":12},"end":{"line":134,"column":25},"skip":true},"37":{"start":{"line":135,"column":12},"end":{"line":135,"column":45},"skip":true},"38":{"start":{"line":138,"column":8},"end":{"line":145,"column":14},"skip":true},"39":{"start":{"line":143,"column":16},"end":{"line":143,"column":29},"skip":true},"40":{"start":{"line":144,"column":16},"end":{"line":144,"column":55},"skip":true},"41":{"start":{"line":147,"column":8},"end":{"line":156,"column":10},"skip":true},"42":{"start":{"line":154,"column":12},"end":{"line":154,"column":25},"skip":true},"43":{"start":{"line":155,"column":12},"end":{"line":155,"column":45},"skip":true},"44":{"start":{"line":158,"column":8},"end":{"line":167,"column":10},"skip":true},"45":{"start":{"line":165,"column":12},"end":{"line":165,"column":25},"skip":true},"46":{"start":{"line":166,"column":12},"end":{"line":166,"column":48},"skip":true},"47":{"start":{"line":169,"column":8},"end":{"line":178,"column":10},"skip":true},"48":{"start":{"line":176,"column":12},"end":{"line":176,"column":25},"skip":true},"49":{"start":{"line":177,"column":12},"end":{"line":177,"column":46},"skip":true},"50":{"start":{"line":180,"column":8},"end":{"line":189,"column":10},"skip":true},"51":{"start":{"line":187,"column":12},"end":{"line":187,"column":94},"skip":true},"52":{"start":{"line":188,"column":12},"end":{"line":188,"column":48},"skip":true},"53":{"start":{"line":192,"column":8},"end":{"line":192,"column":35},"skip":true},"54":{"start":{"line":193,"column":8},"end":{"line":193,"column":14},"skip":true}},"branchMap":{"1":{"line":25,"type":"binary-expr","locations":[{"start":{"line":25,"column":23},"end":{"line":25,"column":62}},{"start":{"line":26,"column":20},"end":{"line":26,"column":70}},{"start":{"line":27,"column":20},"end":{"line":27,"column":71}},{"start":{"line":28,"column":20},"end":{"line":28,"column":29}}]},"2":{"line":30,"type":"binary-expr","locations":[{"start":{"line":30,"column":23},"end":{"line":30,"column":37}},{"start":{"line":31,"column":20},"end":{"line":31,"column":61}},{"start":{"line":32,"column":20},"end":{"line":32,"column":70}},{"start":{"line":33,"column":20},"end":{"line":33,"column":26}}]},"3":{"line":37,"type":"cond-expr","locations":[{"start":{"line":38,"column":14},"end":{"line":38,"column":20}},{"start":{"line":39,"column":14},"end":{"line":39,"column":20}}]},"4":{"line":40,"type":"switch","locations":[{"start":{"line":42,"column":8},"end":{"line":47,"column":18}},{"start":{"line":49,"column":8},"end":{"line":52,"column":18}}]},"5":{"line":44,"type":"binary-expr","locations":[{"start":{"line":44,"column":16},"end":{"line":44,"column":44}},{"start":{"line":44,"column":48},"end":{"line":44,"column":66}}]},"6":{"line":50,"type":"binary-expr","locations":[{"start":{"line":50,"column":21},"end":{"line":50,"column":49}},{"start":{"line":50,"column":53},"end":{"line":50,"column":72}}]},"7":{"line":64,"type":"switch","locations":[{"start":{"line":69,"column":4},"end":{"line":70,"column":14}},{"start":{"line":75,"column":4},"end":{"line":76,"column":14}}]},"8":{"line":85,"type":"switch","locations":[{"start":{"line":90,"column":4},"end":{"line":105,"column":14}},{"start":{"line":111,"column":4},"end":{"line":193,"column":14},"skip":true}]},"9":{"line":91,"type":"binary-expr","locations":[{"start":{"line":91,"column":42},"end":{"line":91,"column":73}},{"start":{"line":91,"column":77},"end":{"line":99,"column":9}}]},"10":{"line":102,"type":"binary-expr","locations":[{"start":{"line":102,"column":18},"end":{"line":102,"column":32}},{"start":{"line":103,"column":12},"end":{"line":103,"column":53}},{"start":{"line":104,"column":12},"end":{"line":104,"column":61}}]},"11":{"line":112,"type":"binary-expr","locations":[{"start":{"line":112,"column":45},"end":{"line":112,"column":79},"skip":true},{"start":{"line":112,"column":83},"end":{"line":121,"column":9},"skip":true}]},"12":{"line":123,"type":"binary-expr","locations":[{"start":{"line":123,"column":42},"end":{"line":123,"column":73},"skip":true},{"start":{"line":123,"column":77},"end":{"line":136,"column":9},"skip":true}]},"13":{"line":138,"type":"binary-expr","locations":[{"start":{"line":138,"column":48},"end":{"line":138,"column":85},"skip":true},{"start":{"line":139,"column":12},"end":{"line":145,"column":13},"skip":true}]},"14":{"line":147,"type":"binary-expr","locations":[{"start":{"line":147,"column":42},"end":{"line":147,"column":73},"skip":true},{"start":{"line":147,"column":77},"end":{"line":156,"column":9},"skip":true}]},"15":{"line":158,"type":"binary-expr","locations":[{"start":{"line":158,"column":45},"end":{"line":158,"column":79},"skip":true},{"start":{"line":158,"column":83},"end":{"line":167,"column":9},"skip":true}]},"16":{"line":169,"type":"binary-expr","locations":[{"start":{"line":169,"column":43},"end":{"line":169,"column":75},"skip":true},{"start":{"line":169,"column":79},"end":{"line":178,"column":9},"skip":true}]},"17":{"line":180,"type":"binary-expr","locations":[{"start":{"line":180,"column":41},"end":{"line":180,"column":71},"skip":true},{"start":{"line":180,"column":75},"end":{"line":189,"column":9},"skip":true}]}},"code":["/* istanbul instrument in package npmtest_flatiron */","/*jslint","    bitwise: true,","    browser: true,","    maxerr: 8,","    maxlen: 96,","    node: true,","    nomen: true,","    regexp: true,","    stupid: true","*/","(function () {","    'use strict';","    var local;","","","","    // run shared js-env code - init-before","    (function () {","        // init local","        local = {};","        // init modeJs","        local.modeJs = (function () {","            try {","                return typeof navigator.userAgent === 'string' &&","                    typeof document.querySelector('body') === 'object' &&","                    typeof XMLHttpRequest.prototype.open === 'function' &&","                    'browser';","            } catch (errorCaughtBrowser) {","                return module.exports &&","                    typeof process.versions.node === 'string' &&","                    typeof require('http').createServer === 'function' &&","                    'node';","            }","        }());","        // init global","        local.global = local.modeJs === 'browser'","            ? window","            : global;","        switch (local.modeJs) {","        // re-init local from window.local","        case 'browser':","            local = local.global.utility2.objectSetDefault(","                local.global.utility2_rollup || local.global.local,","                local.global.utility2","            );","            break;","        // re-init local from example.js","        case 'node':","            local = (local.global.utility2_rollup || require('utility2'))","                .requireReadme();","            break;","        }","        // export local","        local.global.local = local;","    }());","","","","    // run shared js-env code - function","    (function () {","        return;","    }());","    switch (local.modeJs) {","","","","    // run browser js-env code - function","    case 'browser':","        break;","","","","    // run node js-env code - function","    case 'node':","        break;","    }","","","","    // run shared js-env code - init-after","    (function () {","        return;","    }());","    switch (local.modeJs) {","","","","    // run browser js-env code - init-after","    case 'browser':","        local.testCase_browser_nullCase = local.testCase_browser_nullCase || function (","            options,","            onError","        ) {","        /*","         * this function will test browsers's null-case handling-behavior-behavior","         */","            onError(null, options);","        };","","        // run tests","        local.nop(local.modeTest &&","            document.querySelector('#testRunButton1') &&","            document.querySelector('#testRunButton1').click());","        break;","","","","    // run node js-env code - init-after","    /* istanbul ignore next */","    case 'node':","        local.testCase_buildApidoc_default = local.testCase_buildApidoc_default || function (","            options,","            onError","        ) {","        /*","         * this function will test buildApidoc's default handling-behavior-behavior","         */","            options = { modulePathList: module.paths };","            local.buildApidoc(options, onError);","        };","","        local.testCase_buildApp_default = local.testCase_buildApp_default || function (","            options,","            onError","        ) {","        /*","         * this function will test buildApp's default handling-behavior-behavior","         */","            local.testCase_buildReadme_default(options, local.onErrorThrow);","            local.testCase_buildLib_default(options, local.onErrorThrow);","            local.testCase_buildTest_default(options, local.onErrorThrow);","            local.testCase_buildCustomOrg_default(options, local.onErrorThrow);","            options = [];","            local.buildApp(options, onError);","        };","","        local.testCase_buildCustomOrg_default = local.testCase_buildCustomOrg_default ||","            function (options, onError) {","            /*","             * this function will test buildCustomOrg's default handling-behavior","             */","                options = {};","                local.buildCustomOrg(options, onError);","            };","","        local.testCase_buildLib_default = local.testCase_buildLib_default || function (","            options,","            onError","        ) {","        /*","         * this function will test buildLib's default handling-behavior","         */","            options = {};","            local.buildLib(options, onError);","        };","","        local.testCase_buildReadme_default = local.testCase_buildReadme_default || function (","            options,","            onError","        ) {","        /*","         * this function will test buildReadme's default handling-behavior-behavior","         */","            options = {};","            local.buildReadme(options, onError);","        };","","        local.testCase_buildTest_default = local.testCase_buildTest_default || function (","            options,","            onError","        ) {","        /*","         * this function will test buildTest's default handling-behavior","         */","            options = {};","            local.buildTest(options, onError);","        };","","        local.testCase_webpage_default = local.testCase_webpage_default || function (","            options,","            onError","        ) {","        /*","         * this function will test webpage's default handling-behavior","         */","            options = { modeCoverageMerge: true, url: local.serverLocalHost + '?modeTest=1' };","            local.browserTest(options, onError);","        };","","        // run test-server","        local.testRunServer(local);","        break;","    }","}());",""],"l":{"12":2,"14":2,"19":2,"21":2,"23":2,"24":2,"25":2,"30":1,"37":2,"40":2,"43":1,"47":1,"50":1,"52":1,"55":2,"61":2,"62":2,"64":2,"70":1,"76":1,"82":2,"83":2,"85":2,"91":1,"98":1,"102":1,"105":1,"112":1,"119":1,"120":1,"123":1,"130":1,"131":1,"132":1,"133":1,"134":1,"135":1,"138":1,"143":2,"144":2,"147":1,"154":2,"155":2,"158":1,"165":2,"166":2,"169":1,"176":2,"177":2,"180":1,"187":1,"188":1,"192":1,"193":1}},"/home/travis/build/npmtest/node-npmtest-flatiron/lib.npmtest_flatiron.js":{"path":"/home/travis/build/npmtest/node-npmtest-flatiron/lib.npmtest_flatiron.js","s":{"1":2,"2":2,"3":2,"4":2,"5":2,"6":2,"7":2,"8":1,"9":2,"10":2,"11":2,"12":2,"13":1,"14":1,"15":1,"16":1},"b":{"1":[2,1,1,1],"2":[1,1,1,1],"3":[1,1],"4":[2,2],"5":[1,1]},"f":{"1":2,"2":2,"3":2},"fnMap":{"1":{"name":"(anonymous_1)","line":12,"loc":{"start":{"line":12,"column":1},"end":{"line":12,"column":13}}},"2":{"name":"(anonymous_2)","line":19,"loc":{"start":{"line":19,"column":5},"end":{"line":19,"column":17}}},"3":{"name":"(anonymous_3)","line":23,"loc":{"start":{"line":23,"column":24},"end":{"line":23,"column":36}}}},"statementMap":{"1":{"start":{"line":12,"column":0},"end":{"line":53,"column":5}},"2":{"start":{"line":14,"column":4},"end":{"line":14,"column":14}},"3":{"start":{"line":19,"column":4},"end":{"line":52,"column":9}},"4":{"start":{"line":21,"column":8},"end":{"line":21,"column":19}},"5":{"start":{"line":23,"column":8},"end":{"line":35,"column":13}},"6":{"start":{"line":24,"column":12},"end":{"line":34,"column":13}},"7":{"start":{"line":25,"column":16},"end":{"line":28,"column":30}},"8":{"start":{"line":30,"column":16},"end":{"line":33,"column":27}},"9":{"start":{"line":37,"column":8},"end":{"line":39,"column":21}},"10":{"start":{"line":41,"column":8},"end":{"line":41,"column":54}},"11":{"start":{"line":43,"column":8},"end":{"line":43,"column":53}},"12":{"start":{"line":45,"column":8},"end":{"line":51,"column":9}},"13":{"start":{"line":46,"column":12},"end":{"line":46,"column":59}},"14":{"start":{"line":48,"column":12},"end":{"line":48,"column":35}},"15":{"start":{"line":49,"column":12},"end":{"line":49,"column":49}},"16":{"start":{"line":50,"column":12},"end":{"line":50,"column":43}}},"branchMap":{"1":{"line":25,"type":"binary-expr","locations":[{"start":{"line":25,"column":23},"end":{"line":25,"column":62}},{"start":{"line":26,"column":20},"end":{"line":26,"column":70}},{"start":{"line":27,"column":20},"end":{"line":27,"column":71}},{"start":{"line":28,"column":20},"end":{"line":28,"column":29}}]},"2":{"line":30,"type":"binary-expr","locations":[{"start":{"line":30,"column":23},"end":{"line":30,"column":37}},{"start":{"line":31,"column":20},"end":{"line":31,"column":61}},{"start":{"line":32,"column":20},"end":{"line":32,"column":70}},{"start":{"line":33,"column":20},"end":{"line":33,"column":26}}]},"3":{"line":37,"type":"cond-expr","locations":[{"start":{"line":38,"column":14},"end":{"line":38,"column":20}},{"start":{"line":39,"column":14},"end":{"line":39,"column":20}}]},"4":{"line":41,"type":"binary-expr","locations":[{"start":{"line":41,"column":16},"end":{"line":41,"column":44}},{"start":{"line":41,"column":48},"end":{"line":41,"column":53}}]},"5":{"line":45,"type":"if","locations":[{"start":{"line":45,"column":8},"end":{"line":45,"column":8}},{"start":{"line":45,"column":8},"end":{"line":45,"column":8}}]}},"code":["/* istanbul instrument in package npmtest_flatiron */","/*jslint","    bitwise: true,","    browser: true,","    maxerr: 8,","    maxlen: 96,","    node: true,","    nomen: true,","    regexp: true,","    stupid: true","*/","(function () {","    'use strict';","    var local;","","","","    // run shared js-env code - init-before","    (function () {","        // init local","        local = {};","        // init modeJs","        local.modeJs = (function () {","            try {","                return typeof navigator.userAgent === 'string' &&","                    typeof document.querySelector('body') === 'object' &&","                    typeof XMLHttpRequest.prototype.open === 'function' &&","                    'browser';","            } catch (errorCaughtBrowser) {","                return module.exports &&","                    typeof process.versions.node === 'string' &&","                    typeof require('http').createServer === 'function' &&","                    'node';","            }","        }());","        // init global","        local.global = local.modeJs === 'browser'","            ? window","            : global;","        // init utility2_rollup","        local = local.global.utility2_rollup || local;","        // init lib","        local.local = local.npmtest_flatiron = local;","        // init exports","        if (local.modeJs === 'browser') {","            local.global.utility2_npmtest_flatiron = local;","        } else {","            module.exports = local;","            module.exports.__dirname = __dirname;","            module.exports.module = module;","        }","    }());","}());",""],"l":{"12":2,"14":2,"19":2,"21":2,"23":2,"24":2,"25":2,"30":1,"37":2,"41":2,"43":2,"45":2,"46":1,"48":1,"49":1,"50":1}},"/home/travis/build/npmtest/node-npmtest-flatiron/example.js":{"path":"/home/travis/build/npmtest/node-npmtest-flatiron/example.js","s":{"1":2,"2":2,"3":2,"4":2,"5":2,"6":2,"7":2,"8":1,"9":2,"10":2,"11":2,"12":2,"13":1,"14":2,"15":2,"16":2,"17":2,"18":2,"19":0,"20":2,"21":1,"22":1,"23":1,"24":1,"25":1,"26":0,"27":0,"28":1,"29":1,"30":2,"31":0,"32":0,"33":0,"34":1,"35":2,"36":2,"37":3,"38":3,"39":3,"40":3,"41":0,"42":3,"43":3,"44":3,"45":1,"46":3,"47":1,"48":1,"49":1,"50":1,"51":1,"52":1,"53":1,"54":1,"55":1,"56":1,"57":0,"58":1,"59":6,"60":6,"61":1,"62":2,"63":0,"64":2,"65":1,"66":1,"67":0,"68":0,"69":0,"70":0,"71":0,"72":0,"73":0,"74":0,"75":0,"76":0,"77":0,"78":0,"79":0,"80":0,"81":0,"82":0,"83":0},"b":{"1":[2,1,1,1],"2":[1,1,1,1],"3":[1,1],"4":[2,2],"5":[1,1],"6":[1,1],"7":[2,0],"8":[2,1,1,1,1,1],"9":[0,2,0],"10":[1,1],"11":[2,1,1],"12":[1,0],"13":[0,2],"14":[2,0,0,0,0,0,0],"15":[0,3],"16":[3,0],"17":[1,1],"18":[0,1],"19":[1,2,0,2],"20":[1,0],"21":[1,1],"22":[0,0],"23":[0,0],"24":[0,0],"25":[0,0],"26":[0,0],"27":[0,0],"28":[0,0]},"f":{"1":2,"2":2,"3":2,"4":2,"5":2,"6":2,"7":3,"8":3,"9":3,"10":1,"11":6,"12":0},"fnMap":{"1":{"name":"(anonymous_1)","line":26,"loc":{"start":{"line":26,"column":1},"end":{"line":26,"column":13}}},"2":{"name":"(anonymous_2)","line":33,"loc":{"start":{"line":33,"column":5},"end":{"line":33,"column":17}}},"3":{"name":"(anonymous_3)","line":37,"loc":{"start":{"line":37,"column":24},"end":{"line":37,"column":36}}},"4":{"name":"(anonymous_4)","line":69,"loc":{"start":{"line":69,"column":31},"end":{"line":69,"column":48}},"skip":true},"5":{"name":"(anonymous_5)","line":78,"loc":{"start":{"line":78,"column":26},"end":{"line":78,"column":45}},"skip":true},"6":{"name":"(anonymous_6)","line":123,"loc":{"start":{"line":123,"column":33},"end":{"line":123,"column":48}},"skip":true},"7":{"name":"(anonymous_7)","line":125,"loc":{"start":{"line":125,"column":27},"end":{"line":125,"column":39}},"skip":true},"8":{"name":"(anonymous_8)","line":133,"loc":{"start":{"line":133,"column":59},"end":{"line":133,"column":74}},"skip":true},"9":{"name":"(anonymous_9)","line":143,"loc":{"start":{"line":143,"column":45},"end":{"line":143,"column":62}},"skip":true},"10":{"name":"(anonymous_10)","line":144,"loc":{"start":{"line":144,"column":73},"end":{"line":144,"column":92}},"skip":true},"11":{"name":"(anonymous_11)","line":272,"loc":{"start":{"line":272,"column":51},"end":{"line":272,"column":77}},"skip":true},"12":{"name":"(anonymous_12)","line":315,"loc":{"start":{"line":315,"column":32},"end":{"line":315,"column":61}},"skip":true}},"statementMap":{"1":{"start":{"line":26,"column":0},"end":{"line":326,"column":5}},"2":{"start":{"line":28,"column":4},"end":{"line":28,"column":14}},"3":{"start":{"line":33,"column":4},"end":{"line":60,"column":9}},"4":{"start":{"line":35,"column":8},"end":{"line":35,"column":19}},"5":{"start":{"line":37,"column":8},"end":{"line":49,"column":13}},"6":{"start":{"line":38,"column":12},"end":{"line":48,"column":13}},"7":{"start":{"line":39,"column":16},"end":{"line":42,"column":30}},"8":{"start":{"line":44,"column":16},"end":{"line":47,"column":27}},"9":{"start":{"line":51,"column":8},"end":{"line":53,"column":21}},"10":{"start":{"line":55,"column":8},"end":{"line":57,"column":45}},"11":{"start":{"line":59,"column":8},"end":{"line":59,"column":35}},"12":{"start":{"line":61,"column":4},"end":{"line":325,"column":5}},"13":{"start":{"line":69,"column":8},"end":{"line":121,"column":10},"skip":true},"14":{"start":{"line":70,"column":12},"end":{"line":88,"column":13},"skip":true},"15":{"start":{"line":76,"column":16},"end":{"line":87,"column":19},"skip":true},"16":{"start":{"line":79,"column":20},"end":{"line":86,"column":21},"skip":true},"17":{"start":{"line":82,"column":24},"end":{"line":82,"column":43},"skip":true},"18":{"start":{"line":83,"column":24},"end":{"line":83,"column":30},"skip":true},"19":{"start":{"line":85,"column":24},"end":{"line":85,"column":49},"skip":true},"20":{"start":{"line":89,"column":12},"end":{"line":107,"column":13},"skip":true},"21":{"start":{"line":92,"column":16},"end":{"line":102,"column":17},"skip":true},"22":{"start":{"line":93,"column":20},"end":{"line":93,"column":86},"skip":true},"23":{"start":{"line":94,"column":20},"end":{"line":95,"column":45},"skip":true},"24":{"start":{"line":96,"column":20},"end":{"line":96,"column":42},"skip":true},"25":{"start":{"line":97,"column":20},"end":{"line":97,"column":48},"skip":true},"26":{"start":{"line":100,"column":20},"end":{"line":100,"column":85},"skip":true},"27":{"start":{"line":101,"column":20},"end":{"line":101,"column":96},"skip":true},"28":{"start":{"line":103,"column":16},"end":{"line":103,"column":22},"skip":true},"29":{"start":{"line":106,"column":16},"end":{"line":106,"column":22},"skip":true},"30":{"start":{"line":108,"column":12},"end":{"line":120,"column":13},"skip":true},"31":{"start":{"line":114,"column":16},"end":{"line":119,"column":17},"skip":true},"32":{"start":{"line":116,"column":20},"end":{"line":116,"column":78},"skip":true},"33":{"start":{"line":118,"column":20},"end":{"line":118,"column":47},"skip":true},"34":{"start":{"line":123,"column":8},"end":{"line":141,"column":11},"skip":true},"35":{"start":{"line":124,"column":12},"end":{"line":124,"column":54},"skip":true},"36":{"start":{"line":125,"column":12},"end":{"line":140,"column":14},"skip":true},"37":{"start":{"line":126,"column":16},"end":{"line":126,"column":28},"skip":true},"38":{"start":{"line":127,"column":16},"end":{"line":127,"column":69},"skip":true},"39":{"start":{"line":128,"column":16},"end":{"line":128,"column":75},"skip":true},"40":{"start":{"line":129,"column":16},"end":{"line":131,"column":17},"skip":true},"41":{"start":{"line":130,"column":20},"end":{"line":130,"column":27},"skip":true},"42":{"start":{"line":133,"column":16},"end":{"line":137,"column":36},"skip":true},"43":{"start":{"line":134,"column":20},"end":{"line":136,"column":55},"skip":true},"44":{"start":{"line":139,"column":16},"end":{"line":139,"column":57},"skip":true},"45":{"start":{"line":143,"column":8},"end":{"line":147,"column":11},"skip":true},"46":{"start":{"line":144,"column":12},"end":{"line":146,"column":15},"skip":true},"47":{"start":{"line":145,"column":16},"end":{"line":145,"column":70},"skip":true},"48":{"start":{"line":149,"column":8},"end":{"line":149,"column":31},"skip":true},"49":{"start":{"line":150,"column":8},"end":{"line":150,"column":14},"skip":true},"50":{"start":{"line":158,"column":8},"end":{"line":158,"column":31},"skip":true},"51":{"start":{"line":160,"column":8},"end":{"line":160,"column":33},"skip":true},"52":{"start":{"line":161,"column":8},"end":{"line":161,"column":37},"skip":true},"53":{"start":{"line":162,"column":8},"end":{"line":162,"column":35},"skip":true},"54":{"start":{"line":164,"column":8},"end":{"line":164,"column":50},"skip":true},"55":{"start":{"line":166,"column":8},"end":{"line":256,"column":2},"skip":true},"56":{"start":{"line":258,"column":8},"end":{"line":286,"column":9},"skip":true},"57":{"start":{"line":259,"column":12},"end":{"line":269,"column":14},"skip":true},"58":{"start":{"line":271,"column":12},"end":{"line":285,"column":19},"skip":true},"59":{"start":{"line":274,"column":20},"end":{"line":274,"column":35},"skip":true},"60":{"start":{"line":275,"column":20},"end":{"line":284,"column":21},"skip":true},"61":{"start":{"line":277,"column":24},"end":{"line":277,"column":64},"skip":true},"62":{"start":{"line":279,"column":24},"end":{"line":279,"column":40},"skip":true},"63":{"start":{"line":281,"column":24},"end":{"line":281,"column":40},"skip":true},"64":{"start":{"line":283,"column":24},"end":{"line":283,"column":39},"skip":true},"65":{"start":{"line":288,"column":8},"end":{"line":290,"column":9},"skip":true},"66":{"start":{"line":289,"column":12},"end":{"line":289,"column":18},"skip":true},"67":{"start":{"line":291,"column":8},"end":{"line":293,"column":54},"skip":true},"68":{"start":{"line":296,"column":8},"end":{"line":301,"column":37},"skip":true},"69":{"start":{"line":303,"column":8},"end":{"line":303,"column":82},"skip":true},"70":{"start":{"line":306,"column":8},"end":{"line":308,"column":9},"skip":true},"71":{"start":{"line":307,"column":12},"end":{"line":307,"column":82},"skip":true},"72":{"start":{"line":310,"column":8},"end":{"line":312,"column":9},"skip":true},"73":{"start":{"line":311,"column":12},"end":{"line":311,"column":18},"skip":true},"74":{"start":{"line":313,"column":8},"end":{"line":313,"column":54},"skip":true},"75":{"start":{"line":314,"column":8},"end":{"line":314,"column":69},"skip":true},"76":{"start":{"line":315,"column":8},"end":{"line":323,"column":36},"skip":true},"77":{"start":{"line":316,"column":12},"end":{"line":316,"column":61},"skip":true},"78":{"start":{"line":317,"column":12},"end":{"line":320,"column":13},"skip":true},"79":{"start":{"line":318,"column":16},"end":{"line":318,"column":75},"skip":true},"80":{"start":{"line":319,"column":16},"end":{"line":319,"column":23},"skip":true},"81":{"start":{"line":321,"column":12},"end":{"line":321,"column":38},"skip":true},"82":{"start":{"line":322,"column":12},"end":{"line":322,"column":27},"skip":true},"83":{"start":{"line":324,"column":8},"end":{"line":324,"column":14},"skip":true}},"branchMap":{"1":{"line":39,"type":"binary-expr","locations":[{"start":{"line":39,"column":23},"end":{"line":39,"column":62}},{"start":{"line":40,"column":20},"end":{"line":40,"column":70}},{"start":{"line":41,"column":20},"end":{"line":41,"column":71}},{"start":{"line":42,"column":20},"end":{"line":42,"column":29}}]},"2":{"line":44,"type":"binary-expr","locations":[{"start":{"line":44,"column":23},"end":{"line":44,"column":37}},{"start":{"line":45,"column":20},"end":{"line":45,"column":61}},{"start":{"line":46,"column":20},"end":{"line":46,"column":70}},{"start":{"line":47,"column":20},"end":{"line":47,"column":26}}]},"3":{"line":51,"type":"cond-expr","locations":[{"start":{"line":52,"column":14},"end":{"line":52,"column":20}},{"start":{"line":53,"column":14},"end":{"line":53,"column":20}}]},"4":{"line":55,"type":"binary-expr","locations":[{"start":{"line":55,"column":16},"end":{"line":55,"column":44}},{"start":{"line":55,"column":49},"end":{"line":57,"column":43}}]},"5":{"line":55,"type":"cond-expr","locations":[{"start":{"line":56,"column":14},"end":{"line":56,"column":52}},{"start":{"line":57,"column":14},"end":{"line":57,"column":43}}]},"6":{"line":61,"type":"switch","locations":[{"start":{"line":68,"column":4},"end":{"line":150,"column":14},"skip":true},{"start":{"line":156,"column":4},"end":{"line":324,"column":14},"skip":true}]},"7":{"line":70,"type":"if","locations":[{"start":{"line":70,"column":12},"end":{"line":70,"column":12},"skip":true},{"start":{"line":70,"column":12},"end":{"line":70,"column":12},"skip":true}]},"8":{"line":70,"type":"binary-expr","locations":[{"start":{"line":70,"column":16},"end":{"line":70,"column":22},"skip":true},{"start":{"line":70,"column":27},"end":{"line":70,"column":32},"skip":true},{"start":{"line":71,"column":20},"end":{"line":71,"column":39},"skip":true},{"start":{"line":72,"column":20},"end":{"line":72,"column":49},"skip":true},{"start":{"line":73,"column":20},"end":{"line":73,"column":58},"skip":true},{"start":{"line":74,"column":20},"end":{"line":74,"column":69},"skip":true}]},"9":{"line":79,"type":"switch","locations":[{"start":{"line":80,"column":20},"end":{"line":80,"column":33},"skip":true},{"start":{"line":81,"column":20},"end":{"line":83,"column":30},"skip":true},{"start":{"line":84,"column":20},"end":{"line":85,"column":49},"skip":true}]},"10":{"line":89,"type":"switch","locations":[{"start":{"line":90,"column":12},"end":{"line":103,"column":22},"skip":true},{"start":{"line":105,"column":12},"end":{"line":106,"column":22},"skip":true}]},"11":{"line":89,"type":"binary-expr","locations":[{"start":{"line":89,"column":20},"end":{"line":89,"column":25},"skip":true},{"start":{"line":89,"column":29},"end":{"line":89,"column":48},"skip":true},{"start":{"line":89,"column":52},"end":{"line":89,"column":74},"skip":true}]},"12":{"line":92,"type":"if","locations":[{"start":{"line":92,"column":16},"end":{"line":92,"column":16},"skip":true},{"start":{"line":92,"column":16},"end":{"line":92,"column":16},"skip":true}]},"13":{"line":108,"type":"if","locations":[{"start":{"line":108,"column":12},"end":{"line":108,"column":12},"skip":true},{"start":{"line":108,"column":12},"end":{"line":108,"column":12},"skip":true}]},"14":{"line":108,"type":"binary-expr","locations":[{"start":{"line":108,"column":16},"end":{"line":108,"column":61},"skip":true},{"start":{"line":108,"column":66},"end":{"line":108,"column":72},"skip":true},{"start":{"line":108,"column":77},"end":{"line":108,"column":82},"skip":true},{"start":{"line":109,"column":20},"end":{"line":109,"column":39},"skip":true},{"start":{"line":110,"column":20},"end":{"line":110,"column":49},"skip":true},{"start":{"line":111,"column":20},"end":{"line":111,"column":58},"skip":true},{"start":{"line":112,"column":20},"end":{"line":112,"column":68},"skip":true}]},"15":{"line":129,"type":"if","locations":[{"start":{"line":129,"column":16},"end":{"line":129,"column":16},"skip":true},{"start":{"line":129,"column":16},"end":{"line":129,"column":16},"skip":true}]},"16":{"line":134,"type":"cond-expr","locations":[{"start":{"line":135,"column":26},"end":{"line":135,"column":29},"skip":true},{"start":{"line":136,"column":26},"end":{"line":136,"column":54},"skip":true}]},"17":{"line":164,"type":"binary-expr","locations":[{"start":{"line":164,"column":27},"end":{"line":164,"column":43},"skip":true},{"start":{"line":164,"column":47},"end":{"line":164,"column":49},"skip":true}]},"18":{"line":258,"type":"if","locations":[{"start":{"line":258,"column":8},"end":{"line":258,"column":8},"skip":true},{"start":{"line":258,"column":8},"end":{"line":258,"column":8},"skip":true}]},"19":{"line":275,"type":"switch","locations":[{"start":{"line":276,"column":20},"end":{"line":277,"column":64},"skip":true},{"start":{"line":278,"column":20},"end":{"line":279,"column":40},"skip":true},{"start":{"line":280,"column":20},"end":{"line":281,"column":40},"skip":true},{"start":{"line":282,"column":20},"end":{"line":283,"column":39},"skip":true}]},"20":{"line":288,"type":"if","locations":[{"start":{"line":288,"column":8},"end":{"line":288,"column":8},"skip":true},{"start":{"line":288,"column":8},"end":{"line":288,"column":8},"skip":true}]},"21":{"line":288,"type":"binary-expr","locations":[{"start":{"line":288,"column":12},"end":{"line":288,"column":40},"skip":true},{"start":{"line":288,"column":44},"end":{"line":288,"column":67},"skip":true}]},"22":{"line":292,"type":"binary-expr","locations":[{"start":{"line":292,"column":12},"end":{"line":292,"column":50},"skip":true},{"start":{"line":293,"column":12},"end":{"line":293,"column":53},"skip":true}]},"23":{"line":297,"type":"binary-expr","locations":[{"start":{"line":297,"column":12},"end":{"line":297,"column":66},"skip":true},{"start":{"line":298,"column":12},"end":{"line":301,"column":36},"skip":true}]},"24":{"line":303,"type":"binary-expr","locations":[{"start":{"line":303,"column":43},"end":{"line":303,"column":75},"skip":true},{"start":{"line":303,"column":79},"end":{"line":303,"column":81},"skip":true}]},"25":{"line":306,"type":"if","locations":[{"start":{"line":306,"column":8},"end":{"line":306,"column":8},"skip":true},{"start":{"line":306,"column":8},"end":{"line":306,"column":8},"skip":true}]},"26":{"line":310,"type":"if","locations":[{"start":{"line":310,"column":8},"end":{"line":310,"column":8},"skip":true},{"start":{"line":310,"column":8},"end":{"line":310,"column":8},"skip":true}]},"27":{"line":313,"type":"binary-expr","locations":[{"start":{"line":313,"column":27},"end":{"line":313,"column":43},"skip":true},{"start":{"line":313,"column":47},"end":{"line":313,"column":53},"skip":true}]},"28":{"line":317,"type":"if","locations":[{"start":{"line":317,"column":12},"end":{"line":317,"column":12},"skip":true},{"start":{"line":317,"column":12},"end":{"line":317,"column":12},"skip":true}]}},"code":["/*","example.js","","quickstart example","","instruction","    1. save this script as example.js","    2. run the shell command:","        $ npm install npmtest-flatiron && PORT=8081 node example.js","    3. play with the browser-demo on http://127.0.0.1:8081","*/","","","","/* istanbul instrument in package npmtest_flatiron */","/*jslint","    bitwise: true,","    browser: true,","    maxerr: 8,","    maxlen: 96,","    node: true,","    nomen: true,","    regexp: true,","    stupid: true","*/","(function () {","    'use strict';","    var local;","","","","    // run shared js-env code - init-before","    (function () {","        // init local","        local = {};","        // init modeJs","        local.modeJs = (function () {","            try {","                return typeof navigator.userAgent === 'string' &&","                    typeof document.querySelector('body') === 'object' &&","                    typeof XMLHttpRequest.prototype.open === 'function' &&","                    'browser';","            } catch (errorCaughtBrowser) {","                return module.exports &&","                    typeof process.versions.node === 'string' &&","                    typeof require('http').createServer === 'function' &&","                    'node';","            }","        }());","        // init global","        local.global = local.modeJs === 'browser'","            ? window","            : global;","        // init utility2_rollup","        local = local.global.utility2_rollup || (local.modeJs === 'browser'","            ? local.global.utility2_npmtest_flatiron","            : global.utility2_moduleExports);","        // export local","        local.global.local = local;","    }());","    switch (local.modeJs) {","","","","    // init-after","    // run browser js-env code - init-after","    /* istanbul ignore next */","    case 'browser':","        local.testRunBrowser = function (event) {","            if (!event || (event &&","                    event.currentTarget &&","                    event.currentTarget.className &&","                    event.currentTarget.className.includes &&","                    event.currentTarget.className.includes('onreset'))) {","                // reset output","                Array.from(","                    document.querySelectorAll('body > .resettable')","                ).forEach(function (element) {","                    switch (element.tagName) {","                    case 'INPUT':","                    case 'TEXTAREA':","                        element.value = '';","                        break;","                    default:","                        element.textContent = '';","                    }","                });","            }","            switch (event && event.currentTarget && event.currentTarget.id) {","            case 'testRunButton1':","                // show tests","                if (document.querySelector('#testReportDiv1').style.display === 'none') {","                    document.querySelector('#testReportDiv1').style.display = 'block';","                    document.querySelector('#testRunButton1').textContent =","                        'hide internal test';","                    local.modeTest = true;","                    local.testRunDefault(local);","                // hide tests","                } else {","                    document.querySelector('#testReportDiv1').style.display = 'none';","                    document.querySelector('#testRunButton1').textContent = 'run internal test';","                }","                break;","            // custom-case","            default:","                break;","            }","            if (document.querySelector('#inputTextareaEval1') && (!event || (event &&","                    event.currentTarget &&","                    event.currentTarget.className &&","                    event.currentTarget.className.includes &&","                    event.currentTarget.className.includes('oneval')))) {","                // try to eval input-code","                try {","                    /*jslint evil: true*/","                    eval(document.querySelector('#inputTextareaEval1').value);","                } catch (errorCaught) {","                    console.error(errorCaught);","                }","            }","        };","        // log stderr and stdout to #outputTextareaStdout1","        ['error', 'log'].forEach(function (key) {","            console[key + '_original'] = console[key];","            console[key] = function () {","                var element;","                console[key + '_original'].apply(console, arguments);","                element = document.querySelector('#outputTextareaStdout1');","                if (!element) {","                    return;","                }","                // append text to #outputTextareaStdout1","                element.value += Array.from(arguments).map(function (arg) {","                    return typeof arg === 'string'","                        ? arg","                        : JSON.stringify(arg, null, 4);","                }).join(' ') + '\\n';","                // scroll textarea to bottom","                element.scrollTop = element.scrollHeight;","            };","        });","        // init event-handling","        ['change', 'click', 'keyup'].forEach(function (event) {","            Array.from(document.querySelectorAll('.on' + event)).forEach(function (element) {","                element.addEventListener(event, local.testRunBrowser);","            });","        });","        // run tests","        local.testRunBrowser();","        break;","","","","    // run node js-env code - init-after","    /* istanbul ignore next */","    case 'node':","        // export local","        module.exports = local;","        // require modules","        local.fs = require('fs');","        local.http = require('http');","        local.url = require('url');","        // init assets","        local.assetsDict = local.assetsDict || {};","        /* jslint-ignore-begin */","        local.assetsDict['/assets.index.template.html'] = '\\","<!doctype html>\\n\\","<html lang=\"en\">\\n\\","<head>\\n\\","<meta charset=\"UTF-8\">\\n\\","<meta name=\"viewport\" content=\"width=device-width, initial-scale=1\">\\n\\","<title>{{env.npm_package_name}} (v{{env.npm_package_version}})</title>\\n\\","<style>\\n\\","/*csslint\\n\\","    box-sizing: false,\\n\\","    universal-selector: false\\n\\","*/\\n\\","* {\\n\\","    box-sizing: border-box;\\n\\","}\\n\\","body {\\n\\","    background: #dde;\\n\\","    font-family: Arial, Helvetica, sans-serif;\\n\\","    margin: 2rem;\\n\\","}\\n\\","body > * {\\n\\","    margin-bottom: 1rem;\\n\\","}\\n\\",".utility2FooterDiv {\\n\\","    margin-top: 20px;\\n\\","    text-align: center;\\n\\","}\\n\\","</style>\\n\\","<style>\\n\\","/*csslint\\n\\","*/\\n\\","textarea {\\n\\","    font-family: monospace;\\n\\","    height: 10rem;\\n\\","    width: 100%;\\n\\","}\\n\\","textarea[readonly] {\\n\\","    background: #ddd;\\n\\","}\\n\\","</style>\\n\\","</head>\\n\\","<body>\\n\\","<!-- utility2-comment\\n\\","<div id=\"ajaxProgressDiv1\" style=\"background: #d00; height: 2px; left: 0; margin: 0; padding: 0; position: fixed; top: 0; transition: background 0.5s, width 1.5s; width: 25%;\"></div>\\n\\","utility2-comment -->\\n\\","<h1>\\n\\","<!-- utility2-comment\\n\\","    <a\\n\\","        {{#if env.npm_package_homepage}}\\n\\","        href=\"{{env.npm_package_homepage}}\"\\n\\","        {{/if env.npm_package_homepage}}\\n\\","        target=\"_blank\"\\n\\","    >\\n\\","utility2-comment -->\\n\\","        {{env.npm_package_name}} (v{{env.npm_package_version}})\\n\\","<!-- utility2-comment\\n\\","    </a>\\n\\","utility2-comment -->\\n\\","</h1>\\n\\","<h3>{{env.npm_package_description}}</h3>\\n\\","<!-- utility2-comment\\n\\","<h4><a download href=\"assets.app.js\">download standalone app</a></h4>\\n\\","<button class=\"onclick onreset\" id=\"testRunButton1\">run internal test</button><br>\\n\\","<div id=\"testReportDiv1\" style=\"display: none;\"></div>\\n\\","utility2-comment -->\\n\\","\\n\\","\\n\\","\\n\\","<label>stderr and stdout</label>\\n\\","<textarea class=\"resettable\" id=\"outputTextareaStdout1\" readonly></textarea>\\n\\","<!-- utility2-comment\\n\\","{{#if isRollup}}\\n\\","<script src=\"assets.app.js\"></script>\\n\\","{{#unless isRollup}}\\n\\","utility2-comment -->\\n\\","<script src=\"assets.utility2.rollup.js\"></script>\\n\\","<script src=\"jsonp.utility2._stateInit?callback=window.utility2._stateInit\"></script>\\n\\","<script src=\"assets.npmtest_flatiron.rollup.js\"></script>\\n\\","<script src=\"assets.example.js\"></script>\\n\\","<script src=\"assets.test.js\"></script>\\n\\","<!-- utility2-comment\\n\\","{{/if isRollup}}\\n\\","utility2-comment -->\\n\\","<div class=\"utility2FooterDiv\">\\n\\","    [ this app was created with\\n\\","    <a href=\"https://github.com/kaizhu256/node-utility2\" target=\"_blank\">utility2</a>\\n\\","    ]\\n\\","</div>\\n\\","</body>\\n\\","</html>\\n\\","';","        /* jslint-ignore-end */","        if (local.templateRender) {","            local.assetsDict['/'] = local.templateRender(","                local.assetsDict['/assets.index.template.html'],","                {","                    env: local.objectSetDefault(local.env, {","                        npm_package_description: 'the greatest app in the world!',","                        npm_package_name: 'my-app',","                        npm_package_nameAlias: 'my_app',","                        npm_package_version: '0.0.1'","                    })","                }","            );","        } else {","            local.assetsDict['/'] = local.assetsDict['/assets.index.template.html']","                .replace((/\\{\\{env\\.(\\w+?)\\}\\}/g), function (match0, match1) {","                    // jslint-hack","                    String(match0);","                    switch (match1) {","                    case 'npm_package_description':","                        return 'the greatest app in the world!';","                    case 'npm_package_name':","                        return 'my-app';","                    case 'npm_package_nameAlias':","                        return 'my_app';","                    case 'npm_package_version':","                        return '0.0.1';","                    }","                });","        }","        // run the cli","        if (local.global.utility2_rollup || module !== require.main) {","            break;","        }","        local.assetsDict['/assets.example.js'] =","            local.assetsDict['/assets.example.js'] ||","            local.fs.readFileSync(__filename, 'utf8');","        // bug-workaround - long $npm_package_buildCustomOrg","        /* jslint-ignore-begin */","        local.assetsDict['/assets.npmtest_flatiron.rollup.js'] =","            local.assetsDict['/assets.npmtest_flatiron.rollup.js'] ||","            local.fs.readFileSync(","                local.npmtest_flatiron.__dirname + '/lib.npmtest_flatiron.js',","                'utf8'","            ).replace((/^#!/), '//');","        /* jslint-ignore-end */","        local.assetsDict['/favicon.ico'] = local.assetsDict['/favicon.ico'] || '';","        // if $npm_config_timeout_exit exists,","        // then exit this process after $npm_config_timeout_exit ms","        if (Number(process.env.npm_config_timeout_exit)) {","            setTimeout(process.exit, Number(process.env.npm_config_timeout_exit));","        }","        // start server","        if (local.global.utility2_serverHttp1) {","            break;","        }","        process.env.PORT = process.env.PORT || '8081';","        console.error('server starting on port ' + process.env.PORT);","        local.http.createServer(function (request, response) {","            request.urlParsed = local.url.parse(request.url);","            if (local.assetsDict[request.urlParsed.pathname] !== undefined) {","                response.end(local.assetsDict[request.urlParsed.pathname]);","                return;","            }","            response.statusCode = 404;","            response.end();","        }).listen(process.env.PORT);","        break;","    }","}());",""],"l":{"26":2,"28":2,"33":2,"35":2,"37":2,"38":2,"39":2,"44":1,"51":2,"55":2,"59":2,"61":2,"69":1,"70":2,"76":2,"79":2,"82":2,"83":2,"85":1,"89":2,"92":1,"93":1,"94":1,"96":1,"97":1,"100":1,"101":1,"103":1,"106":1,"108":2,"114":1,"116":1,"118":1,"123":1,"124":2,"125":2,"126":3,"127":3,"128":3,"129":3,"130":1,"133":3,"134":3,"139":3,"143":1,"144":3,"145":1,"149":1,"150":1,"158":1,"160":1,"161":1,"162":1,"164":1,"166":1,"258":1,"259":1,"271":1,"274":6,"275":6,"277":1,"279":2,"281":1,"283":2,"288":1,"289":1,"291":1,"296":1,"303":1,"306":1,"307":1,"310":1,"311":1,"313":1,"314":1,"315":1,"316":1,"317":1,"318":1,"319":1,"321":1,"322":1,"324":1}},"/home/travis/build/npmtest/node-npmtest-flatiron/node_modules/flatiron/lib/flatiron.js":{"path":"/home/travis/build/npmtest/node-npmtest-flatiron/node_modules/flatiron/lib/flatiron.js","s":{"1":1,"2":1,"3":1,"4":1,"5":1,"6":1,"7":1,"8":1,"9":1,"10":1,"11":0,"12":0,"13":0,"14":1,"15":1},"b":{"1":[1,1],"2":[0,0]},"f":{"1":1,"2":0,"3":1},"fnMap":{"1":{"name":"(anonymous_1)","line":46,"loc":{"start":{"line":46,"column":7},"end":{"line":46,"column":18}}},"2":{"name":"(anonymous_2)","line":54,"loc":{"start":{"line":54,"column":7},"end":{"line":54,"column":23}}},"3":{"name":"(anonymous_3)","line":68,"loc":{"start":{"line":68,"column":21},"end":{"line":68,"column":40}}}},"statementMap":{"1":{"start":{"line":9,"column":0},"end":{"line":11,"column":35}},"2":{"start":{"line":13,"column":0},"end":{"line":14,"column":9}},"3":{"start":{"line":19,"column":0},"end":{"line":19,"column":50}},"4":{"start":{"line":20,"column":0},"end":{"line":20,"column":53}},"5":{"start":{"line":21,"column":0},"end":{"line":21,"column":38}},"6":{"start":{"line":22,"column":0},"end":{"line":22,"column":51}},"7":{"start":{"line":23,"column":0},"end":{"line":23,"column":56}},"8":{"start":{"line":30,"column":0},"end":{"line":34,"column":2}},"9":{"start":{"line":37,"column":0},"end":{"line":59,"column":3}},"10":{"start":{"line":47,"column":4},"end":{"line":47,"column":47}},"11":{"start":{"line":55,"column":4},"end":{"line":55,"column":59}},"12":{"start":{"line":55,"column":39},"end":{"line":55,"column":59}},"13":{"start":{"line":56,"column":4},"end":{"line":56,"column":44}},"14":{"start":{"line":68,"column":0},"end":{"line":70,"column":2}},"15":{"start":{"line":69,"column":2},"end":{"line":69,"column":35}}},"branchMap":{"1":{"line":47,"type":"binary-expr","locations":[{"start":{"line":47,"column":18},"end":{"line":47,"column":22}},{"start":{"line":47,"column":26},"end":{"line":47,"column":46}}]},"2":{"line":55,"type":"if","locations":[{"start":{"line":55,"column":4},"end":{"line":55,"column":4}},{"start":{"line":55,"column":4},"end":{"line":55,"column":4}}]}},"code":["/*"," * flatiron.js: An elegant blend of convention and configuration for building apps in Node.js and the browser."," *"," * Copyright(c) 2011 Nodejitsu Inc. <info@nodejitsu.com>"," * MIT LICENCE"," *"," */","","var fs = require('fs'),","    path = require('path'),","    broadway = require('broadway');","","var flatiron = exports,","    _app;","","//","// ### Export core `flatiron` modules","//","flatiron.common    = require('./flatiron/common');","flatiron.constants = require('./flatiron/constants');","flatiron.formats   = broadway.formats;","flatiron.App       = require('./flatiron/app').App;","flatiron.version   = require('../package.json').version;","","//","// ### Expose core `flatiron` plugins","// Hoist those up from `broadway` and define each of","// the `flatiron` plugins as a lazy loaded `require` statement","//","flatiron.plugins = broadway.common.mixin(","  {},","  broadway.plugins,","  broadway.common.requireDirLazy(path.join(__dirname, 'flatiron', 'plugins'))",");","","","Object.defineProperty(flatiron, 'app', {","","  // Don't allow another `.defineProperty` on 'app'","  configurable: false,","","  //","  // ### getter @app {flatiron.App}","  // Gets the default top-level Application for `flatiron`","  //","  get: function() {","    return _app = _app || flatiron.createApp();","  },","","  //","  // #### setter @app {flatiron.App}","  // Options for the application to create or the application to set","  //","  set: function(value) {","    if (value instanceof flatiron.App) return _app = value;","    return _app = flatiron.createApp(value);","  }","","});","","","//","// ### function createApp (options)","// #### @options {Object} Options for the application to create","// Creates a new instance of `flatiron.App` with the","// specified `options`.","//","flatiron.createApp = function (options) {","  return new flatiron.App(options);","};","",""],"l":{"9":1,"13":1,"19":1,"20":1,"21":1,"22":1,"23":1,"30":1,"37":1,"47":1,"55":0,"56":0,"68":1,"69":1}},"/home/travis/build/npmtest/node-npmtest-flatiron/node_modules/flatiron/lib/flatiron/common.js":{"path":"/home/travis/build/npmtest/node-npmtest-flatiron/node_modules/flatiron/lib/flatiron/common.js","s":{"1":1,"2":1,"3":1,"4":0,"5":0,"6":1,"7":0,"8":0,"9":0,"10":0,"11":0,"12":0,"13":0,"14":1,"15":0,"16":0,"17":0},"b":{"1":[0,0],"2":[0,0],"3":[0,0]},"f":{"1":0,"2":0,"3":0,"4":0,"5":0},"fnMap":{"1":{"name":"(anonymous_1)","line":22,"loc":{"start":{"line":22,"column":23},"end":{"line":22,"column":48}}},"2":{"name":"templateUsage","line":27,"loc":{"start":{"line":27,"column":2},"end":{"line":27,"column":32}}},"3":{"name":"(anonymous_3)","line":28,"loc":{"start":{"line":28,"column":21},"end":{"line":28,"column":37}}},"4":{"name":"(anonymous_4)","line":33,"loc":{"start":{"line":33,"column":32},"end":{"line":33,"column":51}}},"5":{"name":"(anonymous_5)","line":49,"loc":{"start":{"line":49,"column":24},"end":{"line":49,"column":39}}}},"statementMap":{"1":{"start":{"line":9,"column":0},"end":{"line":10,"column":35}},"2":{"start":{"line":15,"column":0},"end":{"line":15,"column":73}},"3":{"start":{"line":22,"column":0},"end":{"line":41,"column":2}},"4":{"start":{"line":23,"column":2},"end":{"line":25,"column":3}},"5":{"start":{"line":24,"column":4},"end":{"line":24,"column":20}},"6":{"start":{"line":27,"column":2},"end":{"line":31,"column":3}},"7":{"start":{"line":28,"column":4},"end":{"line":30,"column":7}},"8":{"start":{"line":29,"column":6},"end":{"line":29,"column":49}},"9":{"start":{"line":33,"column":2},"end":{"line":40,"column":5}},"10":{"start":{"line":34,"column":4},"end":{"line":39,"column":5}},"11":{"start":{"line":35,"column":6},"end":{"line":35,"column":53}},"12":{"start":{"line":37,"column":9},"end":{"line":39,"column":5}},"13":{"start":{"line":38,"column":6},"end":{"line":38,"column":71}},"14":{"start":{"line":49,"column":0},"end":{"line":52,"column":2}},"15":{"start":{"line":50,"column":2},"end":{"line":51,"column":27}},"16":{"start":{"line":50,"column":8},"end":{"line":50,"column":35}},"17":{"start":{"line":51,"column":16},"end":{"line":51,"column":26}}},"branchMap":{"1":{"line":23,"type":"if","locations":[{"start":{"line":23,"column":2},"end":{"line":23,"column":2}},{"start":{"line":23,"column":2},"end":{"line":23,"column":2}}]},"2":{"line":34,"type":"if","locations":[{"start":{"line":34,"column":4},"end":{"line":34,"column":4}},{"start":{"line":34,"column":4},"end":{"line":34,"column":4}}]},"3":{"line":37,"type":"if","locations":[{"start":{"line":37,"column":9},"end":{"line":37,"column":9}},{"start":{"line":37,"column":9},"end":{"line":37,"column":9}}]}},"code":["/*"," * common.js: Common utility functions for flatiron."," *"," * (C) 2011, Nodejitsu Inc."," * MIT LICENSE"," *"," */","","var fs = require('fs'),","    broadway = require('broadway');","","//","// Hoist `broadway.common` to `flatiron.common`.","//","var common = module.exports = broadway.common.mixin({}, broadway.common);","","//","// ### function templateUsage (app, commands)","// Updates the references to `<app>` to `app.name` in usage for the","// specified `commands`.","//","common.templateUsage = function (app, commands) {","  if (!app.name) {","    return commands;","  }","","  function templateUsage(usage) {","    return usage.map(function (line) {","      return line.replace(/\\<app\\>/ig, app.name);","    });","  }","","  Object.keys(commands).forEach(function (command) {","    if (command === 'usage') {","      commands.usage = templateUsage(commands.usage);","    }","    else if (commands[command].usage) {","      commands[command].usage = templateUsage(commands[command].usage);","    }","  });","};","","//","// ### function tryReaddirSync (dir)","// #### @dir {string} Directory to attempt to list","//","// Attempts to call `fs.readdirSync` but ignores errors.","//","common.tryReaddirSync = function (dir) {","  try { return fs.readdirSync(dir) }","  catch (err) { return [] }","};"],"l":{"9":1,"15":1,"22":1,"23":0,"24":0,"27":1,"28":0,"29":0,"33":0,"34":0,"35":0,"37":0,"38":0,"49":1,"50":0,"51":0}},"/home/travis/build/npmtest/node-npmtest-flatiron/node_modules/flatiron/lib/flatiron/constants.js":{"path":"/home/travis/build/npmtest/node-npmtest-flatiron/node_modules/flatiron/lib/flatiron/constants.js","s":{"1":1,"2":1},"b":{},"f":{},"fnMap":{},"statementMap":{"1":{"start":{"line":9,"column":0},"end":{"line":9,"column":24}},"2":{"start":{"line":11,"column":0},"end":{"line":19,"column":2}}},"branchMap":{},"code":["/*"," * constants.js: Constants within the Flatiron framework."," *"," * (C) 2011, Nodejitsu Inc."," * MIT LICENSE"," *"," */","","var constants = exports;","","constants.DIRECTORIES = {","  \"#ENV\": \"#CONFIG/env\",","  \"#APP\": \"#ROOT/app\",","  \"#CONFIG\": \"#ROOT/config\",","  \"#DOCS\": \"#ROOT/docs\",","  \"#LOG\": \"#ROOT/log\",","  \"#LIB\": \"#ROOT/lib\",","  \"#TEST\": \"#ROOT/test\"","};",""],"l":{"9":1,"11":1}},"/home/travis/build/npmtest/node-npmtest-flatiron/node_modules/flatiron/lib/flatiron/app.js":{"path":"/home/travis/build/npmtest/node-npmtest-flatiron/node_modules/flatiron/lib/flatiron/app.js","s":{"1":1,"2":1,"3":1,"4":1},"b":{},"f":{"1":1},"fnMap":{"1":{"name":"(anonymous_1)","line":14,"loc":{"start":{"line":14,"column":24},"end":{"line":14,"column":43}}}},"statementMap":{"1":{"start":{"line":9,"column":0},"end":{"line":12,"column":35}},"2":{"start":{"line":14,"column":0},"end":{"line":16,"column":2}},"3":{"start":{"line":15,"column":2},"end":{"line":15,"column":35}},"4":{"start":{"line":21,"column":0},"end":{"line":21,"column":33}}},"branchMap":{},"code":["/*"," * app.js: Core Application object for managing plugins and features in broadway"," *"," * (C) 2011, Nodejitsu Inc."," * MIT LICENSE"," *"," */","","var fs = require('fs'),","    path = require('path'),","    util = require('util'),","    broadway = require('broadway');","","var App = exports.App = function (options) {","  broadway.App.call(this, options);","};","","//","// Inherit from `broadway.App`.","//","util.inherits(App, broadway.App);",""],"l":{"9":1,"14":1,"15":1,"21":1}},"/home/travis/build/npmtest/node-npmtest-flatiron/node_modules/flatiron/scaffolds/cli/app.js":{"path":"/home/travis/build/npmtest/node-npmtest-flatiron/node_modules/flatiron/scaffolds/cli/app.js","s":{"1":1,"2":1,"3":1,"4":1},"b":{},"f":{},"fnMap":{},"statementMap":{"1":{"start":{"line":1,"column":0},"end":{"line":3,"column":23}},"2":{"start":{"line":5,"column":0},"end":{"line":5,"column":73}},"3":{"start":{"line":7,"column":0},"end":{"line":10,"column":3}},"4":{"start":{"line":12,"column":0},"end":{"line":12,"column":12}}},"branchMap":{},"code":["var flatiron = require('flatiron'),","    path = require('path'),","    app = flatiron.app;","","app.config.file({ file: path.join(__dirname, 'config', 'config.json') });","","app.use(flatiron.plugins.cli, {","  source: path.join(__dirname, 'lib', 'commands'),","  usage: 'Empty Flatiron Application, please fill out commands'","});","","app.start();",""],"l":{"1":1,"5":1,"7":1,"12":1}},"/home/travis/build/npmtest/node-npmtest-flatiron/node_modules/flatiron/lib/flatiron/plugins/cli.js":{"path":"/home/travis/build/npmtest/node-npmtest-flatiron/node_modules/flatiron/lib/flatiron/plugins/cli.js","s":{"1":1,"2":1,"3":1,"4":1,"5":1,"6":1,"7":1,"8":1,"9":1,"10":1,"11":1,"12":1,"13":1,"14":1,"15":0,"16":0,"17":1,"18":1,"19":1,"20":1,"21":0,"22":0,"23":1,"24":1,"25":1,"26":0,"27":1,"28":1,"29":1,"30":1,"31":1,"32":1,"33":1,"34":1,"35":1,"36":1,"37":1,"38":1,"39":1,"40":1,"41":1,"42":1,"43":0,"44":0,"45":0,"46":1,"47":1,"48":1,"49":1,"50":1,"51":1,"52":1,"53":1,"54":1,"55":1,"56":0,"57":0,"58":0,"59":1,"60":1,"61":1,"62":1,"63":1,"64":1,"65":1,"66":0,"67":1,"68":1,"69":1,"70":1,"71":0,"72":1,"73":1,"74":1,"75":0,"76":0,"77":0,"78":0,"79":0,"80":0,"81":0,"82":0,"83":0,"84":0,"85":0,"86":1,"87":0,"88":0,"89":0,"90":0,"91":0,"92":1,"93":1,"94":1,"95":0,"96":1,"97":1,"98":1,"99":0,"100":0,"101":0,"102":1,"103":1,"104":0,"105":0,"106":0,"107":0,"108":0,"109":0,"110":0,"111":0,"112":0,"113":0,"114":0,"115":0,"116":0,"117":0,"118":0,"119":0,"120":0,"121":0,"122":1,"123":1,"124":0,"125":0,"126":0,"127":0,"128":0,"129":0,"130":1,"131":1,"132":1,"133":0,"134":1,"135":0,"136":0,"137":0,"138":0,"139":0,"140":0,"141":0,"142":0,"143":0,"144":0,"145":0,"146":0,"147":0,"148":0,"149":0,"150":0,"151":1,"152":1,"153":1,"154":0,"155":0,"156":0,"157":0,"158":0,"159":0,"160":0,"161":0,"162":0,"163":0,"164":0,"165":0,"166":0,"167":0},"b":{"1":[1,0],"2":[1,1],"3":[1,1],"4":[1,1],"5":[1,1],"6":[1,1],"7":[1,0],"8":[0,1],"9":[1,0,0,0],"10":[1,1],"11":[0,1],"12":[1,1],"13":[1,1],"14":[0,1],"15":[1,0],"16":[1,0],"17":[0,1],"18":[1,1],"19":[0,1],"20":[0,1],"21":[1,1],"22":[1,1],"23":[1,0],"24":[0,0],"25":[0,1],"26":[1,0,0],"27":[1,0],"28":[1,0],"29":[1,0],"30":[0,0],"31":[0,0],"32":[0,0],"33":[0,0,0],"34":[0,0],"35":[0,0],"36":[0,0],"37":[0,0],"38":[0,1],"39":[1,1],"40":[1,0],"41":[1,0],"42":[0,1],"43":[0,0],"44":[0,0],"45":[1,0],"46":[1,1],"47":[0,0],"48":[0,0,0],"49":[0,0],"50":[0,0],"51":[0,0],"52":[0,0],"53":[0,0],"54":[0,0],"55":[0,0,0],"56":[0,0],"57":[0,0],"58":[0,0],"59":[0,0],"60":[0,0],"61":[0,0],"62":[0,0],"63":[0,0],"64":[0,0],"65":[0,0],"66":[0,0],"67":[1,0],"68":[0,0],"69":[0,0],"70":[0,0],"71":[0,0],"72":[0,0]},"f":{"1":1,"2":1,"3":1,"4":1,"5":1,"6":1,"7":1,"8":1,"9":1,"10":1,"11":0,"12":1,"13":0,"14":0,"15":1,"16":0,"17":0,"18":0,"19":1,"20":0,"21":0,"22":1,"23":0,"24":0,"25":0},"fnMap":{"1":{"name":"(anonymous_1)","line":26,"loc":{"start":{"line":26,"column":17},"end":{"line":26,"column":36}}},"2":{"name":"(anonymous_2)","line":75,"loc":{"start":{"line":75,"column":14},"end":{"line":75,"column":43}}},"3":{"name":"(anonymous_3)","line":81,"loc":{"start":{"line":81,"column":27},"end":{"line":81,"column":39}}},"4":{"name":"(anonymous_4)","line":82,"loc":{"start":{"line":82,"column":22},"end":{"line":82,"column":37}}},"5":{"name":"(anonymous_5)","line":91,"loc":{"start":{"line":91,"column":12},"end":{"line":91,"column":37}}},"6":{"name":"(anonymous_6)","line":104,"loc":{"start":{"line":104,"column":15},"end":{"line":104,"column":31}}},"7":{"name":"(anonymous_7)","line":134,"loc":{"start":{"line":134,"column":15},"end":{"line":134,"column":34}}},"8":{"name":"(anonymous_8)","line":154,"loc":{"start":{"line":154,"column":19},"end":{"line":154,"column":38}}},"9":{"name":"showUsage","line":157,"loc":{"start":{"line":157,"column":2},"end":{"line":157,"column":29}}},"10":{"name":"(anonymous_10)","line":159,"loc":{"start":{"line":159,"column":19},"end":{"line":159,"column":35}}},"11":{"name":"(anonymous_11)","line":167,"loc":{"start":{"line":167,"column":20},"end":{"line":167,"column":36}}},"12":{"name":"loadCommand","line":185,"loc":{"start":{"line":185,"column":2},"end":{"line":185,"column":46}}},"13":{"name":"ensureDestroy","line":243,"loc":{"start":{"line":243,"column":2},"end":{"line":243,"column":35}}},"14":{"name":"(anonymous_14)","line":244,"loc":{"start":{"line":244,"column":32},"end":{"line":244,"column":55}}},"15":{"name":"executeCommand","line":259,"loc":{"start":{"line":259,"column":2},"end":{"line":259,"column":43}}},"16":{"name":"(anonymous_16)","line":293,"loc":{"start":{"line":293,"column":33},"end":{"line":293,"column":48}}},"17":{"name":"(anonymous_17)","line":335,"loc":{"start":{"line":335,"column":14},"end":{"line":335,"column":40}}},"18":{"name":"(anonymous_18)","line":336,"loc":{"start":{"line":336,"column":42},"end":{"line":336,"column":54}}},"19":{"name":"(anonymous_19)","line":357,"loc":{"start":{"line":357,"column":24},"end":{"line":357,"column":44}}},"20":{"name":"showHelp","line":364,"loc":{"start":{"line":364,"column":55},"end":{"line":364,"column":75}}},"21":{"name":"displayAndRespond","line":370,"loc":{"start":{"line":370,"column":4},"end":{"line":370,"column":38}}},"22":{"name":"(anonymous_22)","line":408,"loc":{"start":{"line":408,"column":17},"end":{"line":408,"column":36}}},"23":{"name":"(anonymous_23)","line":411,"loc":{"start":{"line":411,"column":34},"end":{"line":411,"column":46}}},"24":{"name":"(anonymous_24)","line":437,"loc":{"start":{"line":437,"column":64},"end":{"line":437,"column":78}}},"25":{"name":"(anonymous_25)","line":438,"loc":{"start":{"line":438,"column":22},"end":{"line":438,"column":34}}}},"statementMap":{"1":{"start":{"line":9,"column":0},"end":{"line":13,"column":35}},"2":{"start":{"line":18,"column":0},"end":{"line":18,"column":21}},"3":{"start":{"line":26,"column":0},"end":{"line":96,"column":2}},"4":{"start":{"line":27,"column":2},"end":{"line":27,"column":17}},"5":{"start":{"line":28,"column":2},"end":{"line":28,"column":26}},"6":{"start":{"line":33,"column":2},"end":{"line":33,"column":26}},"7":{"start":{"line":38,"column":2},"end":{"line":38,"column":74}},"8":{"start":{"line":39,"column":2},"end":{"line":39,"column":80}},"9":{"start":{"line":41,"column":2},"end":{"line":41,"column":47}},"10":{"start":{"line":43,"column":2},"end":{"line":45,"column":3}},"11":{"start":{"line":44,"column":4},"end":{"line":44,"column":33}},"12":{"start":{"line":50,"column":2},"end":{"line":50,"column":40}},"13":{"start":{"line":51,"column":2},"end":{"line":51,"column":36}},"14":{"start":{"line":58,"column":2},"end":{"line":61,"column":3}},"15":{"start":{"line":59,"column":4},"end":{"line":59,"column":29}},"16":{"start":{"line":60,"column":4},"end":{"line":60,"column":20}},"17":{"start":{"line":66,"column":2},"end":{"line":66,"column":44}},"18":{"start":{"line":71,"column":2},"end":{"line":73,"column":5}},"19":{"start":{"line":75,"column":2},"end":{"line":89,"column":4}},"20":{"start":{"line":76,"column":4},"end":{"line":79,"column":5}},"21":{"start":{"line":77,"column":6},"end":{"line":77,"column":25}},"22":{"start":{"line":78,"column":6},"end":{"line":78,"column":19}},"23":{"start":{"line":81,"column":4},"end":{"line":81,"column":42}},"24":{"start":{"line":82,"column":4},"end":{"line":88,"column":7}},"25":{"start":{"line":83,"column":6},"end":{"line":85,"column":7}},"26":{"start":{"line":84,"column":8},"end":{"line":84,"column":29}},"27":{"start":{"line":87,"column":6},"end":{"line":87,"column":73}},"28":{"start":{"line":91,"column":2},"end":{"line":93,"column":4}},"29":{"start":{"line":92,"column":4},"end":{"line":92,"column":33}},"30":{"start":{"line":95,"column":2},"end":{"line":95,"column":30}},"31":{"start":{"line":104,"column":0},"end":{"line":127,"column":2}},"32":{"start":{"line":105,"column":2},"end":{"line":106,"column":13}},"33":{"start":{"line":108,"column":2},"end":{"line":111,"column":3}},"34":{"start":{"line":109,"column":4},"end":{"line":109,"column":36}},"35":{"start":{"line":110,"column":4},"end":{"line":110,"column":33}},"36":{"start":{"line":113,"column":2},"end":{"line":124,"column":3}},"37":{"start":{"line":118,"column":4},"end":{"line":121,"column":7}},"38":{"start":{"line":123,"column":4},"end":{"line":123,"column":21}},"39":{"start":{"line":126,"column":2},"end":{"line":126,"column":9}},"40":{"start":{"line":134,"column":0},"end":{"line":146,"column":2}},"41":{"start":{"line":135,"column":2},"end":{"line":135,"column":49}},"42":{"start":{"line":137,"column":2},"end":{"line":145,"column":3}},"43":{"start":{"line":138,"column":4},"end":{"line":138,"column":41}},"44":{"start":{"line":139,"column":4},"end":{"line":139,"column":37}},"45":{"start":{"line":140,"column":4},"end":{"line":140,"column":30}},"46":{"start":{"line":143,"column":4},"end":{"line":143,"column":37}},"47":{"start":{"line":144,"column":4},"end":{"line":144,"column":30}},"48":{"start":{"line":154,"column":0},"end":{"line":400,"column":2}},"49":{"start":{"line":155,"column":2},"end":{"line":155,"column":17}},"50":{"start":{"line":157,"column":2},"end":{"line":171,"column":3}},"51":{"start":{"line":158,"column":4},"end":{"line":158,"column":65}},"52":{"start":{"line":159,"column":4},"end":{"line":161,"column":7}},"53":{"start":{"line":160,"column":6},"end":{"line":160,"column":25}},"54":{"start":{"line":163,"column":4},"end":{"line":163,"column":62}},"55":{"start":{"line":165,"column":4},"end":{"line":170,"column":5}},"56":{"start":{"line":166,"column":6},"end":{"line":166,"column":23}},"57":{"start":{"line":167,"column":6},"end":{"line":169,"column":9}},"58":{"start":{"line":168,"column":8},"end":{"line":168,"column":27}},"59":{"start":{"line":177,"column":2},"end":{"line":177,"column":28}},"60":{"start":{"line":178,"column":2},"end":{"line":178,"column":49}},"61":{"start":{"line":179,"column":2},"end":{"line":179,"column":36}},"62":{"start":{"line":185,"column":2},"end":{"line":237,"column":3}},"63":{"start":{"line":186,"column":4},"end":{"line":186,"column":38}},"64":{"start":{"line":187,"column":4},"end":{"line":191,"column":6}},"65":{"start":{"line":193,"column":4},"end":{"line":195,"column":5}},"66":{"start":{"line":194,"column":6},"end":{"line":194,"column":18}},"67":{"start":{"line":197,"column":4},"end":{"line":236,"column":5}},"68":{"start":{"line":198,"column":6},"end":{"line":210,"column":7}},"69":{"start":{"line":199,"column":8},"end":{"line":209,"column":9}},"70":{"start":{"line":200,"column":10},"end":{"line":200,"column":50}},"71":{"start":{"line":201,"column":10},"end":{"line":201,"column":50}},"72":{"start":{"line":204,"column":10},"end":{"line":206,"column":11}},"73":{"start":{"line":205,"column":12},"end":{"line":205,"column":28}},"74":{"start":{"line":208,"column":10},"end":{"line":208,"column":23}},"75":{"start":{"line":212,"column":6},"end":{"line":235,"column":7}},"76":{"start":{"line":213,"column":8},"end":{"line":218,"column":9}},"77":{"start":{"line":214,"column":10},"end":{"line":214,"column":78}},"78":{"start":{"line":217,"column":10},"end":{"line":217,"column":77}},"79":{"start":{"line":219,"column":8},"end":{"line":219,"column":20}},"80":{"start":{"line":224,"column":8},"end":{"line":226,"column":9}},"81":{"start":{"line":225,"column":10},"end":{"line":225,"column":20}},"82":{"start":{"line":228,"column":8},"end":{"line":232,"column":9}},"83":{"start":{"line":229,"column":10},"end":{"line":231,"column":11}},"84":{"start":{"line":230,"column":12},"end":{"line":230,"column":29}},"85":{"start":{"line":234,"column":8},"end":{"line":234,"column":21}},"86":{"start":{"line":243,"column":2},"end":{"line":252,"column":3}},"87":{"start":{"line":244,"column":4},"end":{"line":251,"column":7}},"88":{"start":{"line":245,"column":6},"end":{"line":248,"column":7}},"89":{"start":{"line":246,"column":8},"end":{"line":246,"column":56}},"90":{"start":{"line":247,"column":8},"end":{"line":247,"column":30}},"91":{"start":{"line":250,"column":6},"end":{"line":250,"column":17}},"92":{"start":{"line":259,"column":2},"end":{"line":321,"column":3}},"93":{"start":{"line":260,"column":4},"end":{"line":263,"column":14}},"94":{"start":{"line":265,"column":4},"end":{"line":267,"column":5}},"95":{"start":{"line":266,"column":6},"end":{"line":266,"column":69}},"96":{"start":{"line":269,"column":4},"end":{"line":269,"column":25}},"97":{"start":{"line":271,"column":4},"end":{"line":320,"column":5}},"98":{"start":{"line":272,"column":6},"end":{"line":277,"column":7}},"99":{"start":{"line":273,"column":8},"end":{"line":273,"column":27}},"100":{"start":{"line":274,"column":8},"end":{"line":276,"column":9}},"101":{"start":{"line":275,"column":10},"end":{"line":275,"column":28}},"102":{"start":{"line":279,"column":6},"end":{"line":281,"column":7}},"103":{"start":{"line":280,"column":8},"end":{"line":280,"column":26}},"104":{"start":{"line":283,"column":6},"end":{"line":283,"column":35}},"105":{"start":{"line":284,"column":6},"end":{"line":303,"column":7}},"106":{"start":{"line":285,"column":8},"end":{"line":285,"column":30}},"107":{"start":{"line":287,"column":8},"end":{"line":300,"column":9}},"108":{"start":{"line":288,"column":10},"end":{"line":290,"column":11}},"109":{"start":{"line":289,"column":12},"end":{"line":289,"column":29}},"110":{"start":{"line":292,"column":10},"end":{"line":296,"column":11}},"111":{"start":{"line":293,"column":12},"end":{"line":295,"column":14}},"112":{"start":{"line":294,"column":14},"end":{"line":294,"column":83}},"113":{"start":{"line":298,"column":10},"end":{"line":298,"column":53}},"114":{"start":{"line":299,"column":10},"end":{"line":299,"column":17}},"115":{"start":{"line":302,"column":8},"end":{"line":302,"column":41}},"116":{"start":{"line":308,"column":6},"end":{"line":311,"column":7}},"117":{"start":{"line":309,"column":8},"end":{"line":309,"column":42}},"118":{"start":{"line":310,"column":8},"end":{"line":310,"column":24}},"119":{"start":{"line":313,"column":9},"end":{"line":320,"column":5}},"120":{"start":{"line":318,"column":6},"end":{"line":318,"column":31}},"121":{"start":{"line":319,"column":6},"end":{"line":319,"column":21}},"122":{"start":{"line":326,"column":2},"end":{"line":326,"column":42}},"123":{"start":{"line":335,"column":2},"end":{"line":350,"column":4}},"124":{"start":{"line":336,"column":4},"end":{"line":349,"column":7}},"125":{"start":{"line":338,"column":6},"end":{"line":339,"column":60}},"126":{"start":{"line":341,"column":6},"end":{"line":341,"column":43}},"127":{"start":{"line":342,"column":6},"end":{"line":342,"column":40}},"128":{"start":{"line":344,"column":6},"end":{"line":348,"column":7}},"129":{"start":{"line":345,"column":8},"end":{"line":347,"column":21}},"130":{"start":{"line":357,"column":2},"end":{"line":359,"column":4}},"131":{"start":{"line":358,"column":4},"end":{"line":358,"column":49}},"132":{"start":{"line":364,"column":2},"end":{"line":399,"column":5}},"133":{"start":{"line":365,"column":4},"end":{"line":368,"column":14}},"134":{"start":{"line":370,"column":4},"end":{"line":379,"column":5}},"135":{"start":{"line":371,"column":6},"end":{"line":371,"column":36}},"136":{"start":{"line":372,"column":6},"end":{"line":374,"column":7}},"137":{"start":{"line":373,"column":8},"end":{"line":373,"column":71}},"138":{"start":{"line":376,"column":6},"end":{"line":378,"column":7}},"139":{"start":{"line":377,"column":8},"end":{"line":377,"column":19}},"140":{"start":{"line":381,"column":4},"end":{"line":383,"column":5}},"141":{"start":{"line":382,"column":6},"end":{"line":382,"column":38}},"142":{"start":{"line":385,"column":4},"end":{"line":385,"column":37}},"143":{"start":{"line":386,"column":4},"end":{"line":386,"column":27}},"144":{"start":{"line":388,"column":4},"end":{"line":396,"column":5}},"145":{"start":{"line":389,"column":6},"end":{"line":395,"column":7}},"146":{"start":{"line":390,"column":8},"end":{"line":390,"column":40}},"147":{"start":{"line":392,"column":11},"end":{"line":395,"column":7}},"148":{"start":{"line":393,"column":8},"end":{"line":393,"column":37}},"149":{"start":{"line":394,"column":8},"end":{"line":394,"column":31}},"150":{"start":{"line":398,"column":4},"end":{"line":398,"column":28}},"151":{"start":{"line":408,"column":0},"end":{"line":454,"column":2}},"152":{"start":{"line":409,"column":2},"end":{"line":409,"column":26}},"153":{"start":{"line":411,"column":2},"end":{"line":453,"column":5}},"154":{"start":{"line":412,"column":4},"end":{"line":450,"column":5}},"155":{"start":{"line":416,"column":6},"end":{"line":417,"column":22}},"156":{"start":{"line":419,"column":6},"end":{"line":419,"column":66}},"157":{"start":{"line":420,"column":6},"end":{"line":420,"column":63}},"158":{"start":{"line":421,"column":6},"end":{"line":421,"column":65}},"159":{"start":{"line":422,"column":6},"end":{"line":422,"column":66}},"160":{"start":{"line":427,"column":6},"end":{"line":431,"column":8}},"161":{"start":{"line":437,"column":6},"end":{"line":442,"column":9}},"162":{"start":{"line":438,"column":8},"end":{"line":441,"column":11}},"163":{"start":{"line":439,"column":10},"end":{"line":439,"column":59}},"164":{"start":{"line":440,"column":10},"end":{"line":440,"column":63}},"165":{"start":{"line":448,"column":6},"end":{"line":448,"column":28}},"166":{"start":{"line":449,"column":6},"end":{"line":449,"column":35}},"167":{"start":{"line":452,"column":4},"end":{"line":452,"column":24}}},"branchMap":{"1":{"line":28,"type":"binary-expr","locations":[{"start":{"line":28,"column":12},"end":{"line":28,"column":19}},{"start":{"line":28,"column":23},"end":{"line":28,"column":25}}]},"2":{"line":33,"type":"binary-expr","locations":[{"start":{"line":33,"column":12},"end":{"line":33,"column":19}},{"start":{"line":33,"column":23},"end":{"line":33,"column":25}}]},"3":{"line":38,"type":"binary-expr","locations":[{"start":{"line":38,"column":34},"end":{"line":38,"column":46}},{"start":{"line":38,"column":50},"end":{"line":38,"column":52}}]},"4":{"line":38,"type":"binary-expr","locations":[{"start":{"line":38,"column":54},"end":{"line":38,"column":66}},{"start":{"line":38,"column":70},"end":{"line":38,"column":72}}]},"5":{"line":39,"type":"binary-expr","locations":[{"start":{"line":39,"column":36},"end":{"line":39,"column":50}},{"start":{"line":39,"column":54},"end":{"line":39,"column":56}}]},"6":{"line":39,"type":"binary-expr","locations":[{"start":{"line":39,"column":58},"end":{"line":39,"column":72}},{"start":{"line":39,"column":76},"end":{"line":39,"column":78}}]},"7":{"line":43,"type":"if","locations":[{"start":{"line":43,"column":2},"end":{"line":43,"column":2}},{"start":{"line":43,"column":2},"end":{"line":43,"column":2}}]},"8":{"line":58,"type":"if","locations":[{"start":{"line":58,"column":2},"end":{"line":58,"column":2}},{"start":{"line":58,"column":2},"end":{"line":58,"column":2}}]},"9":{"line":58,"type":"binary-expr","locations":[{"start":{"line":58,"column":6},"end":{"line":58,"column":21}},{"start":{"line":58,"column":25},"end":{"line":58,"column":36}},{"start":{"line":58,"column":41},"end":{"line":58,"column":52}},{"start":{"line":58,"column":56},"end":{"line":58,"column":73}}]},"10":{"line":72,"type":"binary-expr","locations":[{"start":{"line":72,"column":11},"end":{"line":72,"column":20}},{"start":{"line":72,"column":24},"end":{"line":72,"column":37}}]},"11":{"line":76,"type":"if","locations":[{"start":{"line":76,"column":4},"end":{"line":76,"column":4}
[...]
{"line":271,"column":4},"end":{"line":271,"column":4}}]},"41":{"line":271,"type":"binary-expr","locations":[{"start":{"line":271,"column":8},"end":{"line":271,"column":22}},{"start":{"line":271,"column":26},"end":{"line":271,"column":44}}]},"42":{"line":272,"type":"if","locations":[{"start":{"line":272,"column":6},"end":{"line":272,"column":6}},{"start":{"line":272,"column":6},"end":{"line":272,"column":6}}]},"43":{"line":274,"type":"if","locations":[{"start":{"line":274,"column":8},"end":{"line":274,"column":8}},{"start":{"line":274,"column":8},"end":{"line":274,"column":8}}]},"44":{"line":274,"type":"binary-expr","locations":[{"start":{"line":274,"column":12},"end":{"line":274,"column":51}},{"start":{"line":274,"column":55},"end":{"line":274,"column":84}}]},"45":{"line":279,"type":"if","locations":[{"start":{"line":279,"column":6},"end":{"line":279,"column":6}},{"start":{"line":279,"column":6},"end":{"line":279,"column":6}}]},"46":{"line":279,"type":"binary-expr","locations":[{"start":{"line":279,"column":10},"end":{"line":279,"column":20}},{"start":{"line":279,"column":24},"end":{"line":279,"column":52}}]},"47":{"line":287,"type":"if","locations":[{"start":{"line":287,"column":8},"end":{"line":287,"column":8}},{"start":{"line":287,"column":8},"end":{"line":287,"column":8}}]},"48":{"line":287,"type":"binary-expr","locations":[{"start":{"line":287,"column":12},"end":{"line":287,"column":23}},{"start":{"line":287,"column":27},"end":{"line":287,"column":41}},{"start":{"line":287,"column":45},"end":{"line":287,"column":74}}]},"49":{"line":292,"type":"if","locations":[{"start":{"line":292,"column":10},"end":{"line":292,"column":10}},{"start":{"line":292,"column":10},"end":{"line":292,"column":10}}]},"50":{"line":294,"type":"cond-expr","locations":[{"start":{"line":294,"column":27},"end":{"line":294,"column":37}},{"start":{"line":294,"column":40},"end":{"line":294,"column":82}}]},"51":{"line":308,"type":"if","locations":[{"start":{"line":308,"column":6},"end":{"line":308,"column":6}},{"start":{"line":308,"column":6},"end":{"line":308,"column":6}}]},"52":{"line":308,"type":"binary-expr","locations":[{"start":{"line":308,"column":10},"end":{"line":308,"column":15}},{"start":{"line":308,"column":19},"end":{"line":308,"column":32}}]},"53":{"line":309,"type":"binary-expr","locations":[{"start":{"line":309,"column":18},"end":{"line":309,"column":23}},{"start":{"line":309,"column":27},"end":{"line":309,"column":40}}]},"54":{"line":313,"type":"if","locations":[{"start":{"line":313,"column":9},"end":{"line":313,"column":9}},{"start":{"line":313,"column":9},"end":{"line":313,"column":9}}]},"55":{"line":338,"type":"binary-expr","locations":[{"start":{"line":338,"column":21},"end":{"line":338,"column":36}},{"start":{"line":338,"column":40},"end":{"line":338,"column":54}},{"start":{"line":338,"column":58},"end":{"line":338,"column":64}}]},"56":{"line":339,"type":"cond-expr","locations":[{"start":{"line":339,"column":38},"end":{"line":339,"column":52}},{"start":{"line":339,"column":55},"end":{"line":339,"column":59}}]},"57":{"line":344,"type":"if","locations":[{"start":{"line":344,"column":6},"end":{"line":344,"column":6}},{"start":{"line":344,"column":6},"end":{"line":344,"column":6}}]},"58":{"line":345,"type":"cond-expr","locations":[{"start":{"line":346,"column":12},"end":{"line":346,"column":36}},{"start":{"line":347,"column":12},"end":{"line":347,"column":20}}]},"59":{"line":345,"type":"binary-expr","locations":[{"start":{"line":345,"column":15},"end":{"line":345,"column":30}},{"start":{"line":345,"column":34},"end":{"line":345,"column":48}}]},"60":{"line":366,"type":"binary-expr","locations":[{"start":{"line":366,"column":19},"end":{"line":366,"column":62}},{"start":{"line":366,"column":66},"end":{"line":366,"column":76}}]},"61":{"line":371,"type":"binary-expr","locations":[{"start":{"line":371,"column":16},"end":{"line":371,"column":21}},{"start":{"line":371,"column":25},"end":{"line":371,"column":34}}]},"62":{"line":372,"type":"if","locations":[{"start":{"line":372,"column":6},"end":{"line":372,"column":6}},{"start":{"line":372,"column":6},"end":{"line":372,"column":6}}]},"63":{"line":376,"type":"if","locations":[{"start":{"line":376,"column":6},"end":{"line":376,"column":6}},{"start":{"line":376,"column":6},"end":{"line":376,"column":6}}]},"64":{"line":381,"type":"if","locations":[{"start":{"line":381,"column":4},"end":{"line":381,"column":4}},{"start":{"line":381,"column":4},"end":{"line":381,"column":4}}]},"65":{"line":389,"type":"if","locations":[{"start":{"line":389,"column":6},"end":{"line":389,"column":6}},{"start":{"line":389,"column":6},"end":{"line":389,"column":6}}]},"66":{"line":392,"type":"if","locations":[{"start":{"line":392,"column":11},"end":{"line":392,"column":11}},{"start":{"line":392,"column":11},"end":{"line":392,"column":11}}]},"67":{"line":409,"type":"binary-expr","locations":[{"start":{"line":409,"column":12},"end":{"line":409,"column":19}},{"start":{"line":409,"column":23},"end":{"line":409,"column":25}}]},"68":{"line":412,"type":"if","locations":[{"start":{"line":412,"column":4},"end":{"line":412,"column":4}},{"start":{"line":412,"column":4},"end":{"line":412,"column":4}}]},"69":{"line":419,"type":"binary-expr","locations":[{"start":{"line":419,"column":26},"end":{"line":419,"column":44}},{"start":{"line":419,"column":48},"end":{"line":419,"column":65}}]},"70":{"line":420,"type":"binary-expr","locations":[{"start":{"line":420,"column":26},"end":{"line":420,"column":41}},{"start":{"line":420,"column":48},"end":{"line":420,"column":62}}]},"71":{"line":421,"type":"binary-expr","locations":[{"start":{"line":421,"column":26},"end":{"line":421,"column":43}},{"start":{"line":421,"column":48},"end":{"line":421,"column":64}}]},"72":{"line":422,"type":"binary-expr","locations":[{"start":{"line":422,"column":26},"end":{"line":422,"column":44}},{"start":{"line":422,"column":48},"end":{"line":422,"column":65}}]}},"code":["/*"," * index.js: Top-level plugin exposing CLI features in flatiron"," *"," * (C) 2011, Nodejitsu Inc."," * MIT LICENSE"," *"," */","","var fs = require('fs'),","    path = require('path'),","    flatiron = require('../../flatiron'),","    common = flatiron.common,","    director = require('director');","","//","// ### Name this plugin","//","exports.name = 'cli';","","//","// ### function attach (options, done)","// #### @options {Object} Options for this plugin","// Initializes `this` (the application) with the core `cli` plugins consisting of:","// `argv`, `prompt`, `routing`, `commands` in that order.","//","exports.attach = function (options) {","  var app = this;","  options = options || {};","","  //","  // Define the `cli` namespace on the app for later use","  //","  app.cli = app.cli || {};","","  //","  // Mixin some keys properly so that plugins can also set them","  //","  options.argv = common.mixin({}, app.cli.argv || {}, options.argv || {});","  options.prompt = common.mixin({}, app.cli.prompt || {}, options.prompt || {});","","  app.cli = common.mixin({}, app.cli, options);","","  if (app.cli.notFoundUsage == undefined) {","    app.cli.notFoundUsage = true;","  }","","  //","  // Setup `this.argv` to use `optimist`.","  //","  exports.argv.call(this, app.cli.argv);","  app.use(flatiron.plugins.inspect);","","  //","  // If `options.version` is truthy, `app.version` is defined and `-v` or","  // `--version` command line parameters were passed, print out `app.version`","  // and exit.","  //","  if (app.cli.version && app.version && (this.argv.v || this.argv.version)) {","    console.log(app.version);","    process.exit(0);","  }","","  //","  // Setup `this.prompt`.","  //","  exports.prompt.call(this, app.cli.prompt);","","  //","  // Setup `app.router` and associated core routing method.","  //","  app.router = new director.cli.Router().configure({","    async: app.async || app.cli.async","  });","","  app.start = function (options, callback) {","    if (!callback && typeof options === 'function') {","      callback = options;","      options = {};","    }","","    callback = callback || function () {};","    app.init(options, function (err) {","      if (err) {","        return callback(err);","      }","","      app.router.dispatch('on', app.argv._.join(' '), app.log, callback);","    });","  };","","  app.cmd = function (path, handler) {","    app.router.on(path, handler);","  };","","  exports.commands.call(this);","};","","//","// ### function init (done)","// #### @done {function} Continuation to respond to when complete","// Initializes this plugin by setting `winston.cli` (i.e. `app.log.cli`)","// to enable colors and padded levels.","//","exports.init = function (done) {","  var app = this,","      logger;","","  if (!app.log.help) {","    logger = app.log.get('default');","    logger.cli().extend(app.log);","  }","","  if (app.config) {","    //","    // Create a literal store for argv to","    // avoid re-parsing CLI options.","    //","    app.config.use('argv', {","      type: 'literal',","      store: app.argv","    });","","    app.config.env();","  }","","  done();","};","","//","// ### function argv (options)","// #### @options {Object} Pass-thru options for optimist","// Sets up `app.argv` using `optimist` and the specified options.","//","exports.argv = function (options) {","  var optimist = require('optimist').string('_');","","  if (options && Object.keys(options).length) {","    optimist = optimist.options(options);","    this.showOptions = optimist.help;","    this.argv = optimist.argv;","  }","  else {","    this.showOptions = optimist.help;","    this.argv = optimist.argv;","  }","};","","//","// ### function commands (options)","// #### @options {Object} Options for the application commands","// Configures the `app.commands` object which is lazy-loaded from disk","// along with some default logic for: `help` and `alias`.","//","exports.commands = function (options) {","  var app = this;","","  function showUsage(target) {","    target = Array.isArray(target) ? target : target.split('\\n');","    target.forEach(function (line) {","      app.log.help(line);","    });","","    var lines = app.showOptions().split('\\n').filter(Boolean);","","    if (lines.length) {","      app.log.help('');","      lines.forEach(function (line) {","        app.log.help(line);","      });","    }","  }","","  //","  // Setup any pass-thru options to the","  // application instance but make them lazy","  //","  app.usage = app.cli.usage;","  app.cli.source = app.cli.dir || app.cli.source;","  app.commands = app.commands || {};","","  //","  // Helper function which loads the file for the","  // specified `name` into `app.commands`.","  //","  function loadCommand(name, command, silent) {","    var resource = app.commands[name];","    var usage = app.usage || [","      name","        ? 'Cannot find commands for ' + name.magenta","        : 'Cannot find commands'","    ];","","    if (resource && (!command || resource[command])) {","      return true;","    }","","    if (app.cli.source) {","      if (!app.cli.sourceDir) {","        try {","          var stats = fs.statSync(app.cli.source);","          app.cli.sourceDir = stats.isDirectory();","        }","        catch (ex) {","          if (app.cli.notFoundUsage) {","            showUsage(usage)","          }","","          return false;","        }","      }","","      try {","        if (app.cli.sourceDir) {","          app.commands[name] = require(path.join(app.cli.source, name || ''));","        }","        else {","          app.commands = common.mixin(app.commands, require(app.cli.source));","        }","        return true;","      }","      catch (err) {","        // If that file could not be found, error message should start with","        // \"Cannot find module\" and contain the name of the file we tried requiring.","        if (!err.message.match(/^Cannot find module/) || (name && err.message.indexOf(name) === -1)) {","          throw err;","        }","","        if (!silent) {","          if (app.cli.notFoundUsage) {","            showUsage(usage);","          }","        }","","        return false;","      }","    }","  }","","  //","  // Helper function to ensure the user wishes to execute","  // a destructive command.","  //","  function ensureDestroy(callback) {","    app.prompt.get(['destroy'], function (err, result) {","      if (result.destroy !== 'yes' && result.destroy !== 'y') {","        app.log.warn('Destructive operation cancelled');","        return callback(true);","      }","","      callback();","    });","  }","","  //","  // Helper function which executes the command","  // represented by the Array of `parts` passing","  // control to the `callback`.","  //","  function executeCommand(parts, callback) {","    var name,","        shouldLoad = true,","        command,","        usage;","","    if (typeof parts === 'undefined' || typeof parts === 'function') {","      throw(new Error('parts is a required argument of type Array'));","    }","","    name = parts.shift();","","    if (app.cli.source || app.commands[name]) {","      if (app.commands[name]) {","        shouldLoad = false;","        if (typeof app.commands[name] != 'function' && !app.commands[name][parts[0]]) {","          shouldLoad = true;","        }","      }","","      if (shouldLoad && !loadCommand(name, parts[0])) {","        return callback();","      }","","      command = app.commands[name];","      while (command) {","        usage = command.usage;","","        if (!app.argv.h && !app.argv.help && typeof command === 'function') {","          while (parts.length + 1 < command.length) {","            parts.push(null);","          }","","          if (command.destructive) {","            return ensureDestroy(function (err) {","              return err ? callback() : command.apply(app, parts.concat(callback));","            })","          }","","          command.apply(app, parts.concat(callback));","          return;","        }","","        command = command[parts.shift()];","      }","","      //","      // Since we have not resolved a needle, try and print out a usage message","      //","      if (usage || app.cli.usage) {","        showUsage(usage || app.cli.usage);","        callback(false);","      }","    }","    else if (app.usage) {","      //","      // If there's no directory we're supposed to search for modules, simply","      // print out usage notice if it's provided.","      //","      showUsage(app.cli.usage);","      callback(true);","    }","  }","","  //","  // Expose the executeCommand method","  //","  exports.executeCommand = executeCommand;","","  //","  // Allow commands to be aliased to subcomponents. e.g.","  //","  //    app.alias('list', { resource: 'apps', command: 'list' });","  //    app.alias('new', { command: 'create' });","  //    app.alias('new', 'create');","  //","  app.alias = function (target, source) {","    app.commands.__defineGetter__(target, function () {","","      var resource = source.resource || source.command || source,","          command = source.resource ? source.command : null;","","      loadCommand(resource, command, true);","      resource = app.commands[resource];","","      if (resource) {","        return source.resource && source.command","          ? resource[source.command]","          : resource;","      }","    });","  };","","  //","  // Set the `loadCommand` function to run","  // whenever the router has not matched","  // the CLI arguments, `process.argv`.","  //","  app.router.notfound = function (callback) {","    executeCommand(app.argv._.slice(), callback);","  };","","  //","  // Setup default help command","  //","  app.cmd(/help ([^\\s]+)?\\s?([^\\s]+)?/, app.showHelp = function showHelp() {","    var args = Array.prototype.slice.call(arguments).filter(Boolean),","        callback = typeof args[args.length - 1] === 'function' && args.pop(),","        resource,","        usage;","","    function displayAndRespond(found) {","      showUsage(usage || app.usage);","      if (!found) {","        app.log.warn('Cannot find help for ' + args.join(' ').magenta);","      }","","      if (callback) {","        callback();","      }","    }","","    if (!loadCommand(args[0], args[1], true)) {","      return displayAndRespond(false);","    }","","    resource = app.commands[args[0]];","    usage = resource.usage;","","    for (var i = 1; i < args.length; i++) {","      if (!resource[args[i]]) {","        return displayAndRespond(false);","      }","      else if (resource[args[i]].usage) {","        resource = resource[args[i]];","        usage = resource.usage;","      }","    }","","    displayAndRespond(true);","  });","};","","//","// ### function prompt (options)","// #### @options {Object} Options for the prompt.","// Sets up the application `prompt` property to be a lazy","// setting which loads the `prompt` module.","//","exports.prompt = function (options) {","  options = options || {};","","  this.__defineGetter__('prompt', function () {","    if (!this._prompt) {","      //","      // Pass-thru any prompt specific options that are supplied.","      //","      var prompt = require('prompt'),","          self = this;","","      prompt.allowEmpty = options.allowEmpty || prompt.allowEmpty;","      prompt.message    = options.message    || prompt.message;","      prompt.delimiter  = options.delimiter  || prompt.delimiter;","      prompt.properties = options.properties || prompt.properties;","","      //","      // Setup `destroy` property for destructive commands","      //","      prompt.properties.destroy = {","        name: 'destroy',","        message: 'This operation cannot be undone, Would you like to proceed?',","        default: 'yes'","      };","","      //","      // Hoist up any prompt specific events and re-emit them as","      // `prompt::*` events.","      //","      ['start', 'pause', 'resume', 'prompt', 'invalid'].forEach(function (ev) {","        prompt.on(ev, function () {","          var args = Array.prototype.slice.call(arguments);","          self.emit.apply(self, [['prompt', ev]].concat(args));","        });","      });","","      //","      // Extend `this` (the application) with prompt functionality","      // and open `stdin`.","      //","      this._prompt = prompt;","      this._prompt.start().pause();","    }","","    return this._prompt;","  });","};",""],"l":{"9":1,"18":1,"26":1,"27":1,"28":1,"33":1,"38":1,"39":1,"41":1,"43":1,"44":1,"50":1,"51":1,"58":1,"59":0,"60":0,"66":1,"71":1,"75":1,"76":1,"77":0,"78":0,"81":1,"82":1,"83":1,"84":0,"87":1,"91":1,"92":1,"95":1,"104":1,"105":1,"108":1,"109":1,"110":1,"113":1,"118":1,"123":1,"126":1,"134":1,"135":1,"137":1,"138":0,"139":0,"140":0,"143":1,"144":1,"154":1,"155":1,"157":1,"158":1,"159":1,"160":1,"163":1,"165":1,"166":0,"167":0,"168":0,"177":1,"178":1,"179":1,"185":1,"186":1,"187":1,"193":1,"194":0,"197":1,"198":1,"199":1,"200":1,"201":0,"204":1,"205":1,"208":1,"212":0,"213":0,"214":0,"217":0,"219":0,"224":0,"225":0,"228":0,"229":0,"230":0,"234":0,"243":1,"244":0,"245":0,"246":0,"247":0,"250":0,"259":1,"260":1,"265":1,"266":0,"269":1,"271":1,"272":1,"273":0,"274":0,"275":0,"279":1,"280":1,"283":0,"284":0,"285":0,"287":0,"288":0,"289":0,"292":0,"293":0,"294":0,"298":0,"299":0,"302":0,"308":0,"309":0,"310":0,"313":0,"318":0,"319":0,"326":1,"335":1,"336":0,"338":0,"341":0,"342":0,"344":0,"345":0,"357":1,"358":1,"364":1,"365":0,"370":1,"371":0,"372":0,"373":0,"376":0,"377":0,"381":0,"382":0,"385":0,"386":0,"388":0,"389":0,"390":0,"392":0,"393":0,"394":0,"398":0,"408":1,"409":1,"411":1,"412":0,"416":0,"419":0,"420":0,"421":0,"422":0,"427":0,"437":0,"438":0,"439":0,"440":0,"448":0,"449":0,"452":0}},"/home/travis/build/npmtest/node-npmtest-flatiron/node_modules/flatiron/scaffolds/cli/lib/index.js":{"path":"/home/travis/build/npmtest/node-npmtest-flatiron/node_modules/flatiron/scaffolds/cli/lib/index.js","s":{},"b":{},"f":{},"fnMap":{},"statementMap":{},"branchMap":{},"code":[""]}}